Using pre-set license
Built from '2022.3/staging' branch; Version is '2022.3.11f1 (d00248457e15) revision 13632072'; Using compiler version '192829333'; Build Type 'Release'
OS: 'Windows 10  (10.0.19045) 64bit Core' Language: 'en' Physical Memory: 32173 MB
BatchMode: 1, IsHumanControllingUs: 0, StartBugReporterOnCrash: 0, Is64bit: 1, IsPro: 1

COMMAND LINE ARGUMENTS:
C:\Program Files\Unity\Hub\Editor\2022.3.11f1\Editor\Unity.exe
-adb2
-batchMode
-noUpm
-name
AssetImportWorker6
-projectPath
C:/Users/salok/Documents/GitHub/Hololens-Development/Input Framework
-logFile
Logs/AssetImportWorker6.log
-srvPort
59656
Successfully changed project path to: C:/Users/salok/Documents/GitHub/Hololens-Development/Input Framework
C:/Users/salok/Documents/GitHub/Hololens-Development/Input Framework
[UnityMemory] Configuration Parameters - Can be set up in boot.config
    "memorysetup-bucket-allocator-granularity=16"
    "memorysetup-bucket-allocator-bucket-count=8"
    "memorysetup-bucket-allocator-block-size=33554432"
    "memorysetup-bucket-allocator-block-count=8"
    "memorysetup-main-allocator-block-size=16777216"
    "memorysetup-thread-allocator-block-size=16777216"
    "memorysetup-gfx-main-allocator-block-size=16777216"
    "memorysetup-gfx-thread-allocator-block-size=16777216"
    "memorysetup-cache-allocator-block-size=4194304"
    "memorysetup-typetree-allocator-block-size=2097152"
    "memorysetup-profiler-bucket-allocator-granularity=16"
    "memorysetup-profiler-bucket-allocator-bucket-count=8"
    "memorysetup-profiler-bucket-allocator-block-size=33554432"
    "memorysetup-profiler-bucket-allocator-block-count=8"
    "memorysetup-profiler-allocator-block-size=16777216"
    "memorysetup-profiler-editor-allocator-block-size=1048576"
    "memorysetup-temp-allocator-size-main=16777216"
    "memorysetup-job-temp-allocator-block-size=2097152"
    "memorysetup-job-temp-allocator-block-size-background=1048576"
    "memorysetup-job-temp-allocator-reduction-small-platforms=262144"
    "memorysetup-allocator-temp-initial-block-size-main=262144"
    "memorysetup-allocator-temp-initial-block-size-worker=262144"
    "memorysetup-temp-allocator-size-background-worker=32768"
    "memorysetup-temp-allocator-size-job-worker=262144"
    "memorysetup-temp-allocator-size-preload-manager=33554432"
    "memorysetup-temp-allocator-size-nav-mesh-worker=65536"
    "memorysetup-temp-allocator-size-audio-worker=65536"
    "memorysetup-temp-allocator-size-cloud-worker=32768"
    "memorysetup-temp-allocator-size-gi-baking-worker=262144"
    "memorysetup-temp-allocator-size-gfx=262144"
Player connection [32692] Host "[IP] 192.168.1.140 [Port] 0 [Flags] 2 [Guid] 1848901976 [EditorId] 1848901976 [Version] 1048832 [Id] WindowsEditor(7,MININT-2R6ROKC) [Debug] 1 [PackageName] WindowsEditor [ProjectName] Editor" joined multi-casting on [225.0.0.222:54997]...

Player connection [32692] Host "[IP] 192.168.1.140 [Port] 0 [Flags] 2 [Guid] 1848901976 [EditorId] 1848901976 [Version] 1048832 [Id] WindowsEditor(7,MININT-2R6ROKC) [Debug] 1 [PackageName] WindowsEditor [ProjectName] Editor" joined alternative multi-casting on [225.0.0.222:34997]...

[Physics::Module] Initialized MultithreadedJobDispatcher with 15 workers.
Refreshing native plugins compatible for Editor in 277.42 ms, found 3 plugins.
Preloading 0 native plugins for Editor in 0.00 ms.
Initialize engine version: 2022.3.11f1 (d00248457e15)
[Subsystems] Discovering subsystems at path C:/Program Files/Unity/Hub/Editor/2022.3.11f1/Editor/Data/Resources/UnitySubsystems
[Subsystems] Discovering subsystems at path C:/Users/salok/Documents/GitHub/Hololens-Development/Input Framework/Assets
GfxDevice: creating device client; threaded=0; jobified=0
Direct3D:
    Version:  Direct3D 11.0 [level 11.1]
    Renderer: NVIDIA GeForce RTX 2060 (ID=0x1f15)
    Vendor:   NVIDIA
    VRAM:     5980 MB
    Driver:   31.0.15.1700
Initialize mono
Mono path[0] = 'C:/Program Files/Unity/Hub/Editor/2022.3.11f1/Editor/Data/Managed'
Mono path[1] = 'C:/Program Files/Unity/Hub/Editor/2022.3.11f1/Editor/Data/MonoBleedingEdge/lib/mono/unityjit-win32'
Mono config path = 'C:/Program Files/Unity/Hub/Editor/2022.3.11f1/Editor/Data/MonoBleedingEdge/etc'
Using monoOptions --debugger-agent=transport=dt_socket,embedding=1,server=y,suspend=n,address=127.0.0.1:56036
Begin MonoManager ReloadAssembly
Registering precompiled unity dll's ...
Register platform support module: C:/Program Files/Unity/Hub/Editor/2022.3.11f1/Editor/Data/PlaybackEngines/AndroidPlayer/UnityEditor.Android.Extensions.dll
Register platform support module: C:/Program Files/Unity/Hub/Editor/2022.3.11f1/Editor/Data/PlaybackEngines/iOSSupport/UnityEditor.iOS.Extensions.dll
Register platform support module: C:/Program Files/Unity/Hub/Editor/2022.3.11f1/Editor/Data/PlaybackEngines/WindowsStandaloneSupport/UnityEditor.WindowsStandalone.Extensions.dll
Register platform support module: C:/Program Files/Unity/Hub/Editor/2022.3.11f1/Editor/Data/PlaybackEngines/LinuxStandaloneSupport/UnityEditor.LinuxStandalone.Extensions.dll
Register platform support module: C:/Program Files/Unity/Hub/Editor/2022.3.11f1/Editor/Data/PlaybackEngines/MetroSupport/UnityEditor.UWP.Extensions.dll
Registered in 0.020810 seconds.
- Loaded All Assemblies, in  0.998 seconds
Native extension for UWP target not found
Native extension for LinuxStandalone target not found
Native extension for WindowsStandalone target not found
Native extension for iOS target not found
Native extension for Android target not found
Android Extension - Scanning For ADB Devices 523 ms
Mono: successfully reloaded assembly
- Finished resetting the current domain, in  1.056 seconds
Domain Reload Profiling: 2052ms
	BeginReloadAssembly (165ms)
		ExecutionOrderSort (0ms)
		DisableScriptedObjects (0ms)
		BackupInstance (0ms)
		ReleaseScriptingObjects (0ms)
		CreateAndSetChildDomain (1ms)
	RebuildCommonClasses (226ms)
	RebuildNativeTypeToScriptingClass (15ms)
	initialDomainReloadingComplete (93ms)
	LoadAllAssembliesAndSetupDomain (497ms)
		LoadAssemblies (166ms)
		RebuildTransferFunctionScriptingTraits (0ms)
		AnalyzeDomain (490ms)
			TypeCache.Refresh (488ms)
				TypeCache.ScanAssembly (466ms)
			ScanForSourceGeneratedMonoScriptInfo (1ms)
			ResolveRequiredComponents (1ms)
	FinalizeReload (1056ms)
		ReleaseScriptCaches (0ms)
		RebuildScriptCaches (0ms)
		SetupLoadedEditorAssemblies (976ms)
			LogAssemblyErrors (0ms)
			InitializePlatformSupportModulesInManaged (763ms)
			SetLoadedEditorAssemblies (5ms)
			RefreshPlugins (0ms)
			BeforeProcessingInitializeOnLoad (3ms)
			ProcessInitializeOnLoadAttributes (135ms)
			ProcessInitializeOnLoadMethodAttributes (69ms)
			AfterProcessingInitializeOnLoad (0ms)
			EditorAssembliesLoaded (0ms)
		ExecutionOrderSort2 (0ms)
		AwakeInstancesAfterBackupRestoration (0ms)
========================================================================
Worker process is ready to serve import requests
Begin MonoManager ReloadAssembly
- Loaded All Assemblies, in  1.093 seconds
Refreshing native plugins compatible for Editor in 7.66 ms, found 3 plugins.
Native extension for UWP target not found
Native extension for LinuxStandalone target not found
Native extension for WindowsStandalone target not found
Native extension for iOS target not found
Native extension for Android target not found
Package Manager log level set to [2]
[Package Manager] Server::EnsureServerProcessIsRunning -- launch failed, reason: Unity was launched with the -noUpm command-line argument
[Package Manager] UpmClient::Send -- Unable to send message (not connected to UPM process).
[Package Manager] Cannot connect to Unity Package Manager local server
Mirror | mirror-networking.com | discord.gg/N9QVxbM
UnityEngine.StackTraceUtility:ExtractStackTrace ()
UnityEngine.DebugLogHandler:LogFormat (UnityEngine.LogType,UnityEngine.Object,string,object[])
UnityEngine.Logger:Log (UnityEngine.LogType,object)
UnityEngine.Debug:Log (object)
Mirror.Welcome:OnInitializeOnLoad () (at Assets/Mirror/Editor/Welcome.cs:18)
System.Reflection.RuntimeMethodInfo:Invoke (object,System.Reflection.BindingFlags,System.Reflection.Binder,object[],System.Globalization.CultureInfo)
System.Reflection.MethodBase:Invoke (object,object[])
UnityEditor.EditorAssemblies:ProcessInitializeOnLoadMethodAttributes ()

(Filename: Assets/Mirror/Editor/Welcome.cs Line: 18)

Mono: successfully reloaded assembly
- Finished resetting the current domain, in  0.874 seconds
Domain Reload Profiling: 1963ms
	BeginReloadAssembly (193ms)
		ExecutionOrderSort (0ms)
		DisableScriptedObjects (7ms)
		BackupInstance (0ms)
		ReleaseScriptingObjects (0ms)
		CreateAndSetChildDomain (28ms)
	RebuildCommonClasses (47ms)
	RebuildNativeTypeToScriptingClass (15ms)
	initialDomainReloadingComplete (57ms)
	LoadAllAssembliesAndSetupDomain (775ms)
		LoadAssemblies (454ms)
		RebuildTransferFunctionScriptingTraits (0ms)
		AnalyzeDomain (435ms)
			TypeCache.Refresh (399ms)
				TypeCache.ScanAssembly (325ms)
			ScanForSourceGeneratedMonoScriptInfo (25ms)
			ResolveRequiredComponents (9ms)
	FinalizeReload (875ms)
		ReleaseScriptCaches (0ms)
		RebuildScriptCaches (0ms)
		SetupLoadedEditorAssemblies (652ms)
			LogAssemblyErrors (0ms)
			InitializePlatformSupportModulesInManaged (54ms)
			SetLoadedEditorAssemblies (8ms)
			RefreshPlugins (0ms)
			BeforeProcessingInitializeOnLoad (98ms)
			ProcessInitializeOnLoadAttributes (439ms)
			ProcessInitializeOnLoadMethodAttributes (43ms)
			AfterProcessingInitializeOnLoad (10ms)
			EditorAssembliesLoaded (0ms)
		ExecutionOrderSort2 (0ms)
		AwakeInstancesAfterBackupRestoration (7ms)
Launched and connected shader compiler UnityShaderCompiler.exe after 0.09 seconds
Refreshing native plugins compatible for Editor in 8.05 ms, found 3 plugins.
Preloading 0 native plugins for Editor in 0.00 ms.
Unloading 3955 Unused Serialized files (Serialized files now loaded: 0)
Unloading 53 unused Assets / (64.1 KB). Loaded Objects now: 4407.
Memory consumption went from 147.0 MB to 146.9 MB.
Total: 4.363900 ms (FindLiveObjects: 0.371600 ms CreateObjectMapping: 0.145000 ms MarkObjects: 3.685100 ms  DeleteObjects: 0.160300 ms)

AssetImportParameters requested are different than current active one (requested -> active):
  custom:scripting/monoscript/fileName/TransportClientSocket.cs: 0d37131a3b55dd453cacf43ccd4429e9 -> b5113e1ae93f9957040bf0c04ac8d22a
  custom:scripting/monoscript/fileName/BaseInput.cs: 88e1dbd01f9f51102fc6e97442bdf780 -> e48c8743017492ed3edc0c0a61a7a4e0
  custom:scripting/monoscript/fileName/ProximityInput.cs: 5366bec7578cd77841f6af874180a514 -> 18ee9e53a4633e90e82ecaecadd06546
  custom:container-demuxer-ogg: 62fdf1f143b41e24485cea50d1cbac27 -> 
  custom:scripting/monoscript/fileName/LinearAccelerationInput.cs: 7f4a953547eb4ed441b193fdb22f5980 -> 8a82012b12127325cee602d63f69478a
  custom:scripting/monoscript/fileName/AmbientTemperatureInput.cs: c02e5eda4a0dbfac2ed6895aa37bc5da -> c6437f1cea53fb2fe5b04fe73686fd54
  custom:video-decoder-ogg-theora: a1e56fd34408186e4bbccfd4996cb3dc -> 
  custom:scripting/monoscript/fileName/DeviceClient.cs: 55599158e69c97dabac1054bcde5c865 -> fce42dc4d8a57847f2f6f5f51f0191f3
  custom:framework-win-MediaFoundation: 216162199b28c13a410421893ffa2e32 -> 
  custom:scripting/monoscript/fileName/GravityInput.cs: a914820216cd534e140cc75c1fed8715 -> 9b0acdaa708668c73f630d57f07c1aa0
  custom:scripting/monoscript/fileName/MirrorExtensions.cs: fa763a32c6f355f4dbdb1c1a6b66d348 -> e9086507693687c45de24b3aa1ee059d
  custom:scripting/monoscript/fileName/DeviceServer.cs: 955c125d6f368ba239e93e8d53d83811 -> 24b58b8f5f28a90458087cb46b88afc0
  custom:scripting/monoscript/fileName/GyroscopeInput.cs: 47b3afe86859cfeaf5f316a0b200b415 -> 64fc586cddae5e6356b2f77ba28ec045
  custom:scripting/monoscript/fileName/BaseTransportSocket.cs: 2db4a8295ca710416f1b24aa48b7cea7 -> 9c9e36a569b659a527fce7ded082dbdc
  custom:scripting/monoscript/fileName/Vector2Input.cs: 5f9d3256bd02363e870f41c7168a926a -> 0db6abde7c74df056b5b85612ce3231e
  custom:scripting/monoscript/fileName/TransportServerSocket.cs: de5292012a0dde6b3f2bc7d45226b847 -> 803160343f14a9f360580bdec4e18e17
  custom:CustomObjectIndexerAttribute: 756ad292c208cfabdd7b50bc23989ffe -> 
  custom:scripting/monoscript/fileName/SubscriptionData.cs: a5ba87142d2cd6cd655b4abc4319d5c0 -> 9c5f44f75a083305d9a2d2aa2ec2981c
  custom:scripting/monoscript/fileName/MouseInput.cs: 8c6502c2bd9d882e9386ce61f607464e -> d263a9d1db0b67f7802d8d26508e3385
  custom:container-demuxer-webm: 4f35f7cbe854078d1ac9338744f61a02 -> 
  custom:scripting/monoscript/fileName/ServerNetworkClock.cs: aea8b4bf34c11d6ea778b391d1522a5a -> 58e42b3b8dbb022f43f7d02ef3bf4c9c
  custom:scripting/monoscript/fileName/NoInput.cs: 765b303acd2d712ab74b30901c719d69 -> fffd3d9be02f530360c1e39e9f89be4e
  custom:container-muxer-webm: aa71ff27fc2769a1b78a27578f13a17b -> 
  custom:scripting/monoscript/fileName/AttitudeInput.cs: a435c09b5e8eba99a9e5434a5cb2f105 -> 4cfbe54b58117f8770987135559f5d0c
  custom:video-decoder-webm-vp8: 9c59270c3fd7afecdb556c50c9e8de78 -> 
  custom:scripting/monoscript/fileName/SingleInput.cs: 3e0e433b248675235387564c29b78d06 -> 102b35a67183e92a5c03afe1b04ac1d5
  custom:scripting/monoscript/fileName/InputData.cs: fe562e9500e434fbd8dc549ce43be1e9 -> 03e826c869d5034a09e126981b35995a
  custom:SearchIndexIgnoredProperties: e643bd26f0fe6173181afceb89e7c659 -> 
  custom:scripting/monoscript/fileName/IntegerInput.cs: 75a7e500df385c1ce57c533e4592bba2 -> 8bddf6ff1287de09648feac26c86acef
  custom:AudioImporter_EditorPlatform: d09bf68614088b80899f8185d706f6e7 -> 
  custom:scripting/monoscript/fileName/InputFactory.cs: 3488adeffa0485a5c0bae7671d5d59be -> a6535d5b5c9074f3f08bd3e46df583f1
  custom:scripting/monoscript/fileName/TestScriptForMirror.cs: b292d158ead20e868b2ae933c247479d -> 2d633aaa637ae7d518d3ab4362ed8c11
  custom:scripting/monoscript/fileName/TrackedDeviceInput.cs: db76048afa3074fab70471f3a989952a -> 04f91da89e0921a5122c91289d60ddb1
  custom:scripting/monoscript/fileName/Vector3Input.cs: e12867926deddfac668dbf6fd2f69806 -> 17cb93744e71458df5f8311462a64c15
  custom:scripting/monoscript/fileName/NetworkTransportLoop.cs: 98ade5190f83e31c02d50c6469f3c8c6 -> e4883f9e2b901ce37c4c82707fc37446
  custom:scripting/monoscript/fileName/AccelerometerInput.cs: be7770a9055f831795eea450192e81c0 -> 2cb4a9a3623b7a21fb519782750678d7
  custom:scripting/monoscript/fileName/DeviceData.cs: 65e1bcf2a2e2f45dffe76159bb06c30d -> 3a7da57bd8040ae806a2759a5718c7cd
  custom:scripting/monoscript/fileName/HumidityInput.cs: 6c2865b08c4ce79a5dc1d03264cc33cb -> c8b6fdb96d67bc5843b5849bbeddb1dd
  custom:video-encoder-webm-vp8: eb34c28f22e8b96e1ab97ce403110664 -> 
  custom:scripting/monoscript/fileName/PressureInput.cs: f60bd82ed5028b7dc8aaa228018c8838 -> 6a804161cd4ee31bb8c8371e04e0bb3e
  custom:scripting/monoscript/fileName/BaseNetworkClock.cs: e3aeccf85ffc822758d98417e7341587 -> 39146ff0e3320a05b0b5a5c3440b1d5d
  custom:audio-decoder-ogg-vorbis: bf7c407c2cedff20999df2af8eb42d56 -> 
  custom:scripting/monoscript/fileName/LightInput.cs: 0414a98439195e01c057de2a968bd3ec -> 14eba83039ecdb1f6c8309120e79d318
  custom:scripting/monoscript/fileName/DeviceDescription.cs: f4e51cf3912075f27e1dd0794bafb294 -> f38843c39149e076a669b63936392295
  custom:scripting/monoscript/fileName/ClientNetworkClock.cs: a87f74c9527ff1b93df93785281124e5 -> a1509f6a747c8d6bf4c74380a456604d
  custom:scripting/monoscript/fileName/SimpleFirebaseClient.cs: 4daaaa9824e82dccf9f40e67176f4f74 -> f2a6f07d7dc1d2e73dd55bd9ed274216
  custom:scripting/monoscript/fileName/MagneticFieldInput.cs: 0a025aa8bf4d65a707e759f5d4014683 -> a8b139ec3e779e6d260db611cf7f2da0
  custom:scripting/monoscript/fileName/TouchscreenInput.cs: d3e5f8a52b5d8fb4008fc2bfa218d4d9 -> d9501bd832f15460c374818a5183d139
  custom:audio-encoder-webm-vorbis: bf7c407c2cedff20999df2af8eb42d56 -> 
  custom:scripting/monoscript/fileName/DoubleInput.cs: 304cf7e97798cae069c614f51d6b92de -> fa41b45ddcc7a68bc086ce662a47155c
  custom:scripting/monoscript/fileName/KeyboardInput.cs: 91a823cd753dcff6566bc92914536eee -> bc468de05883b3878660ff24af76feef
  custom:scripting/monoscript/fileName/GamepadInput.cs: 0995e4c2e5d499db4121f919869bc845 -> 61de4dac78dd62011b22b1c2cf11a71f
  custom:scripting/monoscript/fileName/EventPacket.cs: 14ea8ca7805eae13032e8a8bcc92cd3c -> f7b1f64642aea3e6b381a920db91e20a
  custom:scripting/monoscript/fileName/StepCounterInput.cs: a90862071a679de220f5079515d37dab -> b8aebe0bf3164278cc8f55ac91e49b73
========================================================================
Received Import Request.
  Time since last request: 143296.129407 seconds.
  path: Assets/Input System Framework/ArUCO Markers/Prefabs/TracingModels/TraceTarget-1.prefab
  artifactKey: Guid(789b9b60d9cd13c43af56eaa2c565c4b) Importer(815301076,1909f56bfc062723c751e8b465ee728b)
Start importing Assets/Input System Framework/ArUCO Markers/Prefabs/TracingModels/TraceTarget-1.prefab using Guid(789b9b60d9cd13c43af56eaa2c565c4b) Importer(815301076,1909f56bfc062723c751e8b465ee728b)  -> (artifact id: '765c067fe6c15c3a6d131fc915f3d658') in 0.099046 seconds
Number of updated asset objects reloaded before import = 0
Number of asset objects unloaded after import = 9
========================================================================
Received Import Request.
  Time since last request: 0.005481 seconds.
  path: Assets/Input System Framework/ArUCO Markers/Prefabs/TracingModels/TraceTargetLeft-5.prefab
  artifactKey: Guid(658874d64f1c63e439d92809831e3ae0) Importer(815301076,1909f56bfc062723c751e8b465ee728b)
Start importing Assets/Input System Framework/ArUCO Markers/Prefabs/TracingModels/TraceTargetLeft-5.prefab using Guid(658874d64f1c63e439d92809831e3ae0) Importer(815301076,1909f56bfc062723c751e8b465ee728b)  -> (artifact id: '9cb57e475b585cdf79bb060a5e42835f') in 0.008751 seconds
Number of updated asset objects reloaded before import = 0
Number of asset objects unloaded after import = 9
========================================================================
Received Import Request.
  Time since last request: 0.005139 seconds.
  path: Assets/Input System Framework/ArUCO Markers/Prefabs/TracingModels/TraceTargetRight-1.prefab
  artifactKey: Guid(b281d94ade6804a47ad11781b546a3b0) Importer(815301076,1909f56bfc062723c751e8b465ee728b)
Start importing Assets/Input System Framework/ArUCO Markers/Prefabs/TracingModels/TraceTargetRight-1.prefab using Guid(b281d94ade6804a47ad11781b546a3b0) Importer(815301076,1909f56bfc062723c751e8b465ee728b)  -> (artifact id: 'ce81baac087fdd78b721aad4527b8b13') in 0.008803 seconds
Number of updated asset objects reloaded before import = 0
Number of asset objects unloaded after import = 9
========================================================================
Received Import Request.
  Time since last request: 0.006069 seconds.
  path: Assets/Input System Framework/ArUCO Markers/Prefabs/TracingModels/TraceTargetRight-2.prefab
  artifactKey: Guid(4e5291de3b40e894dabd7e5c2a829df8) Importer(815301076,1909f56bfc062723c751e8b465ee728b)
Start importing Assets/Input System Framework/ArUCO Markers/Prefabs/TracingModels/TraceTargetRight-2.prefab using Guid(4e5291de3b40e894dabd7e5c2a829df8) Importer(815301076,1909f56bfc062723c751e8b465ee728b)  -> (artifact id: 'a48f494e83ac4300366b11a9f78823c7') in 0.009000 seconds
Number of updated asset objects reloaded before import = 0
Number of asset objects unloaded after import = 9
========================================================================
Received Import Request.
  Time since last request: 0.005582 seconds.
  path: Assets/Input System Framework/ArUCO Markers/Prefabs/TracingModels/TraceTargetRight-3.prefab
  artifactKey: Guid(633f68ecc9307c64f928843b57f9cfe5) Importer(815301076,1909f56bfc062723c751e8b465ee728b)
Start importing Assets/Input System Framework/ArUCO Markers/Prefabs/TracingModels/TraceTargetRight-3.prefab using Guid(633f68ecc9307c64f928843b57f9cfe5) Importer(815301076,1909f56bfc062723c751e8b465ee728b)  -> (artifact id: 'b788a57cfa2587b0155aaf66c5de4f72') in 0.008712 seconds
Number of updated asset objects reloaded before import = 0
Number of asset objects unloaded after import = 9
========================================================================
Received Import Request.
  Time since last request: 0.005937 seconds.
  path: Assets/Input System Framework/ArUCO Markers/Prefabs/TracingModels/TraceTargetRight-4.prefab
  artifactKey: Guid(108f8a12ee803b44898392044b5bd0b4) Importer(815301076,1909f56bfc062723c751e8b465ee728b)
Start importing Assets/Input System Framework/ArUCO Markers/Prefabs/TracingModels/TraceTargetRight-4.prefab using Guid(108f8a12ee803b44898392044b5bd0b4) Importer(815301076,1909f56bfc062723c751e8b465ee728b)  -> (artifact id: '851dc0b033f95bc73545e907b5871546') in 0.009426 seconds
Number of updated asset objects reloaded before import = 0
Number of asset objects unloaded after import = 9
========================================================================
Received Import Request.
  Time since last request: 0.005031 seconds.
  path: Assets/Input System Framework/ArUCO Markers/Prefabs/TracingModels/TraceTargetRight-5.prefab
  artifactKey: Guid(469b953c4c5e7c540bc3bd92adbba1f5) Importer(815301076,1909f56bfc062723c751e8b465ee728b)
Start importing Assets/Input System Framework/ArUCO Markers/Prefabs/TracingModels/TraceTargetRight-5.prefab using Guid(469b953c4c5e7c540bc3bd92adbba1f5) Importer(815301076,1909f56bfc062723c751e8b465ee728b)  -> (artifact id: 'ad5d5388619b9436c27d799bd30a8c9b') in 0.009566 seconds
Number of updated asset objects reloaded before import = 0
Number of asset objects unloaded after import = 9
========================================================================
Received Prepare
Begin MonoManager ReloadAssembly
- Loaded All Assemblies, in  0.750 seconds
Refreshing native plugins compatible for Editor in 8.37 ms, found 3 plugins.
Native extension for UWP target not found
Native extension for LinuxStandalone target not found
Native extension for WindowsStandalone target not found
Native extension for iOS target not found
Native extension for Android target not found
[Package Manager] Server::EnsureServerProcessIsRunning -- launch failed, reason: Unity was launched with the -noUpm command-line argument
[Package Manager] UpmClient::Send -- Unable to send message (not connected to UPM process).
[Package Manager] Cannot connect to Unity Package Manager local server
Mono: successfully reloaded assembly
- Finished resetting the current domain, in  1.305 seconds
Domain Reload Profiling: 2050ms
	BeginReloadAssembly (211ms)
		ExecutionOrderSort (0ms)
		DisableScriptedObjects (6ms)
		BackupInstance (0ms)
		ReleaseScriptingObjects (0ms)
		CreateAndSetChildDomain (48ms)
	RebuildCommonClasses (45ms)
	RebuildNativeTypeToScriptingClass (16ms)
	initialDomainReloadingComplete (43ms)
	LoadAllAssembliesAndSetupDomain (430ms)
		LoadAssemblies (493ms)
		RebuildTransferFunctionScriptingTraits (0ms)
		AnalyzeDomain (50ms)
			TypeCache.Refresh (16ms)
				TypeCache.ScanAssembly (2ms)
			ScanForSourceGeneratedMonoScriptInfo (20ms)
			ResolveRequiredComponents (12ms)
	FinalizeReload (1306ms)
		ReleaseScriptCaches (0ms)
		RebuildScriptCaches (0ms)
		SetupLoadedEditorAssemblies (598ms)
			LogAssemblyErrors (0ms)
			InitializePlatformSupportModulesInManaged (58ms)
			SetLoadedEditorAssemblies (6ms)
			RefreshPlugins (0ms)
			BeforeProcessingInitializeOnLoad (90ms)
			ProcessInitializeOnLoadAttributes (391ms)
			ProcessInitializeOnLoadMethodAttributes (43ms)
			AfterProcessingInitializeOnLoad (10ms)
			EditorAssembliesLoaded (0ms)
		ExecutionOrderSort2 (0ms)
		AwakeInstancesAfterBackupRestoration (9ms)
Refreshing native plugins compatible for Editor in 10.39 ms, found 3 plugins.
Preloading 0 native plugins for Editor in 0.00 ms.
Unloading 3946 Unused Serialized files (Serialized files now loaded: 0)
Unloading 37 unused Assets / (39.3 KB). Loaded Objects now: 4418.
Memory consumption went from 146.6 MB to 146.6 MB.
Total: 4.881700 ms (FindLiveObjects: 0.518100 ms CreateObjectMapping: 0.288900 ms MarkObjects: 3.950700 ms  DeleteObjects: 0.122100 ms)

Prepare: number of updated asset objects reloaded= 0
AssetImportParameters requested are different than current active one (requested -> active):
  custom:scripting/monoscript/fileName/TransportClientSocket.cs: 0d9e3fd127992b89c0374e0835ed9cd6 -> 0d37131a3b55dd453cacf43ccd4429e9
  custom:scripting/monoscript/fileName/BaseInput.cs: 1a44391d2ce9884c353ab346172ce7ef -> 88e1dbd01f9f51102fc6e97442bdf780
  custom:scripting/monoscript/fileName/ProximityInput.cs: 71de972b8eb216dd26f223719e15340c -> 5366bec7578cd77841f6af874180a514
  custom:container-demuxer-ogg: 62fdf1f143b41e24485cea50d1cbac27 -> 
  custom:scripting/monoscript/fileName/LinearAccelerationInput.cs: 8107bef4647a0094e887b1e685522dde -> 7f4a953547eb4ed441b193fdb22f5980
  custom:scripting/monoscript/fileName/AmbientTemperatureInput.cs: 80c454cf9ae4e00ffb731f5a7ab8576f -> c02e5eda4a0dbfac2ed6895aa37bc5da
  custom:video-decoder-ogg-theora: a1e56fd34408186e4bbccfd4996cb3dc -> 
  custom:scripting/monoscript/fileName/DeviceClient.cs: b9045226b310d7890f596cbe2d236557 -> 55599158e69c97dabac1054bcde5c865
  custom:framework-win-MediaFoundation: 216162199b28c13a410421893ffa2e32 -> 
  custom:scripting/monoscript/fileName/GravityInput.cs: 9d2f14b4a5cf0494c46b26afd26800d4 -> a914820216cd534e140cc75c1fed8715
  custom:scripting/monoscript/fileName/MirrorExtensions.cs: 208ec2c2d7ce0198884a74d64b5e7529 -> fa763a32c6f355f4dbdb1c1a6b66d348
  custom:scripting/monoscript/fileName/DeviceServer.cs: c098adbf03931d24e1e1619fd37b5030 -> 955c125d6f368ba239e93e8d53d83811
  custom:scripting/monoscript/fileName/GyroscopeInput.cs: 3cb6e88beaaf46d3d8fa67c0cfdf36c8 -> 47b3afe86859cfeaf5f316a0b200b415
  custom:scripting/monoscript/fileName/BaseTransportSocket.cs: db76efe9d0d57a4eea527b38e433c717 -> 2db4a8295ca710416f1b24aa48b7cea7
  custom:scripting/monoscript/fileName/Vector2Input.cs: 3a739cf989e2dda54f06b1eb5db88eaf -> 5f9d3256bd02363e870f41c7168a926a
  custom:scripting/monoscript/fileName/TransportServerSocket.cs: 5ea338312a10bb1e7fb3a001222d26b8 -> de5292012a0dde6b3f2bc7d45226b847
  custom:CustomObjectIndexerAttribute: 756ad292c208cfabdd7b50bc23989ffe -> 
  custom:scripting/monoscript/fileName/SubscriptionData.cs: a5b085a5535527345e798ce0e0dd3e17 -> a5ba87142d2cd6cd655b4abc4319d5c0
  custom:scripting/monoscript/fileName/MouseInput.cs: 1a5f035c07e5f6f7b6fb2306601410ba -> 8c6502c2bd9d882e9386ce61f607464e
  custom:container-demuxer-webm: 4f35f7cbe854078d1ac9338744f61a02 -> 
  custom:scripting/monoscript/fileName/ServerNetworkClock.cs: 2c85b4aedea17c5d305158cff735eea0 -> aea8b4bf34c11d6ea778b391d1522a5a
  custom:scripting/monoscript/fileName/NoInput.cs: 4e5e749868bc6a561ae71c0f2ad02e11 -> 765b303acd2d712ab74b30901c719d69
  custom:container-muxer-webm: aa71ff27fc2769a1b78a27578f13a17b -> 
  custom:scripting/monoscript/fileName/AttitudeInput.cs: 089a82c173621b485e4652b0d445dbd8 -> a435c09b5e8eba99a9e5434a5cb2f105
  custom:video-decoder-webm-vp8: 9c59270c3fd7afecdb556c50c9e8de78 -> 
  custom:scripting/monoscript/fileName/SingleInput.cs: fd568725e65181834c6fdf6d7c7db73b -> 3e0e433b248675235387564c29b78d06
  custom:scripting/monoscript/fileName/InputData.cs: 617bd02942306f959ba7c43b88464c51 -> fe562e9500e434fbd8dc549ce43be1e9
  custom:SearchIndexIgnoredProperties: e643bd26f0fe6173181afceb89e7c659 -> 
  custom:scripting/monoscript/fileName/IntegerInput.cs: da778fbf7315064c4c97531a2f418e9b -> 75a7e500df385c1ce57c533e4592bba2
  custom:AudioImporter_EditorPlatform: d09bf68614088b80899f8185d706f6e7 -> 
  custom:scripting/monoscript/fileName/InputFactory.cs: 8ebc531debb90f6722a37acc10fc0a90 -> 3488adeffa0485a5c0bae7671d5d59be
  custom:scripting/monoscript/fileName/TestScriptForMirror.cs: b940e743f982571ce1d94fc9c43a5f26 -> b292d158ead20e868b2ae933c247479d
  custom:scripting/monoscript/fileName/TrackedDeviceInput.cs: 3f300b69e9dab4ab6ea35864e8544836 -> db76048afa3074fab70471f3a989952a
  custom:scripting/monoscript/fileName/Vector3Input.cs: e69978f7e0ec766c9441adc35030c496 -> e12867926deddfac668dbf6fd2f69806
  custom:scripting/monoscript/fileName/NetworkTransportLoop.cs: 74230f6f6690b2a45ec6cfc533a06957 -> 98ade5190f83e31c02d50c6469f3c8c6
  custom:scripting/monoscript/fileName/AccelerometerInput.cs: 2e57a109cfe852882f846bbcf1ec218f -> be7770a9055f831795eea450192e81c0
  custom:scripting/monoscript/fileName/DeviceData.cs: 8c3ee0610ea0f7bab6ec010b30808524 -> 65e1bcf2a2e2f45dffe76159bb06c30d
  custom:scripting/monoscript/fileName/HumidityInput.cs: d53e3a0a6b6ffa9ae9256b9ccbebbf8d -> 6c2865b08c4ce79a5dc1d03264cc33cb
  custom:video-encoder-webm-vp8: eb34c28f22e8b96e1ab97ce403110664 -> 
  custom:scripting/monoscript/fileName/PressureInput.cs: da332819aad0e14478a55ac819af7cde -> f60bd82ed5028b7dc8aaa228018c8838
  custom:scripting/monoscript/fileName/BaseNetworkClock.cs: bf1f929ab23e023ac41dda6023e54ff5 -> e3aeccf85ffc822758d98417e7341587
  custom:audio-decoder-ogg-vorbis: bf7c407c2cedff20999df2af8eb42d56 -> 
  custom:scripting/monoscript/fileName/LightInput.cs: b5d0c73f9c84ac670fe48e2aea89d53e -> 0414a98439195e01c057de2a968bd3ec
  custom:scripting/monoscript/fileName/DeviceDescription.cs: 4ccf6ce3295b82c6e08c85090c1c0212 -> f4e51cf3912075f27e1dd0794bafb294
  custom:scripting/monoscript/fileName/ClientNetworkClock.cs: aa0e1022275f319076d382ce70707038 -> a87f74c9527ff1b93df93785281124e5
  custom:scripting/monoscript/fileName/SimpleFirebaseClient.cs: d37685af7706c25df8f015158221394d -> 4daaaa9824e82dccf9f40e67176f4f74
  custom:scripting/monoscript/fileName/MagneticFieldInput.cs: 02f1f8441959bb5627e48d97c57cf449 -> 0a025aa8bf4d65a707e759f5d4014683
  custom:scripting/monoscript/fileName/TouchscreenInput.cs: 72a1990aaedb6026b2884e9005045bec -> d3e5f8a52b5d8fb4008fc2bfa218d4d9
  custom:audio-encoder-webm-vorbis: bf7c407c2cedff20999df2af8eb42d56 -> 
  custom:scripting/monoscript/fileName/DoubleInput.cs: ff8612263fad8b997aa0c9be4fbecfbd -> 304cf7e97798cae069c614f51d6b92de
  custom:scripting/monoscript/fileName/KeyboardInput.cs: 2f3656e68a0ad46e29ba9eaf1c71260e -> 91a823cd753dcff6566bc92914536eee
  custom:scripting/monoscript/fileName/GamepadInput.cs: 4c425abcf428cc6e705ba076a64b848e -> 0995e4c2e5d499db4121f919869bc845
  custom:scripting/monoscript/fileName/EventPacket.cs: 419e8be2a06e7f64afc36619401441ee -> 14ea8ca7805eae13032e8a8bcc92cd3c
  custom:scripting/monoscript/fileName/StepCounterInput.cs: 2c7de9a1505f5206a15930b94d06b94e -> a90862071a679de220f5079515d37dab
========================================================================
Received Import Request.
  Time since last request: 64.908926 seconds.
  path: Assets/Input System Framework/ArUCO Markers/Marker Icons/DICT_6X6_50/PNGs/6x6_1000-1.png
  artifactKey: Guid(1ba5e00bdf3ccf240a1990a2bea806bf) Importer(815301076,1909f56bfc062723c751e8b465ee728b)
Start importing Assets/Input System Framework/ArUCO Markers/Marker Icons/DICT_6X6_50/PNGs/6x6_1000-1.png using Guid(1ba5e00bdf3ccf240a1990a2bea806bf) Importer(815301076,1909f56bfc062723c751e8b465ee728b)  -> (artifact id: '196837dd46695a2a813da24d02a2d444') in 0.113541 seconds
Number of updated asset objects reloaded before import = 0
Number of asset objects unloaded after import = 3
========================================================================
Received Import Request.
  Time since last request: 0.000026 seconds.
  path: Assets/Input System Framework/ArUCO Markers/Marker Icons/DICT_6X6_50/PNGs/6x6_1000-2.png
  artifactKey: Guid(957af3fa6c37f2f4182210c115360916) Importer(815301076,1909f56bfc062723c751e8b465ee728b)
Start importing Assets/Input System Framework/ArUCO Markers/Marker Icons/DICT_6X6_50/PNGs/6x6_1000-2.png using Guid(957af3fa6c37f2f4182210c115360916) Importer(815301076,1909f56bfc062723c751e8b465ee728b)  -> (artifact id: '39f1808ff6d4ff10baa9d2e5fe18a602') in 0.031848 seconds
Number of updated asset objects reloaded before import = 0
Number of asset objects unloaded after import = 3
========================================================================
Received Import Request.
  Time since last request: 0.000028 seconds.
  path: Assets/Input System Framework/ArUCO Markers/Marker Icons/DICT_6X6_50/PNGs/6x6_1000-12.png
  artifactKey: Guid(68833b623b43c4841ad681bbd3d4de00) Importer(815301076,1909f56bfc062723c751e8b465ee728b)
Start importing Assets/Input System Framework/ArUCO Markers/Marker Icons/DICT_6X6_50/PNGs/6x6_1000-12.png using Guid(68833b623b43c4841ad681bbd3d4de00) Importer(815301076,1909f56bfc062723c751e8b465ee728b)  -> (artifact id: '8cb14a2b8663c18b8afc126105cb1fdf') in 0.031275 seconds
Number of updated asset objects reloaded before import = 0
Number of asset objects unloaded after import = 3
========================================================================
Received Import Request.
  Time since last request: 0.000019 seconds.
  path: Assets/Input System Framework/ArUCO Markers/Marker Icons/DICT_6X6_50/PNGs/6x6_1000-18.png
  artifactKey: Guid(544e3b5ff6bfb6044b488a9c847fabe4) Importer(815301076,1909f56bfc062723c751e8b465ee728b)
Start importing Assets/Input System Framework/ArUCO Markers/Marker Icons/DICT_6X6_50/PNGs/6x6_1000-18.png using Guid(544e3b5ff6bfb6044b488a9c847fabe4) Importer(815301076,1909f56bfc062723c751e8b465ee728b)  -> (artifact id: 'cc189d8ce0062249282e6348f3024169') in 0.030965 seconds
Number of updated asset objects reloaded before import = 0
Number of asset objects unloaded after import = 3
========================================================================
Received Import Request.
  Time since last request: 0.000018 seconds.
  path: Assets/Input System Framework/ArUCO Markers/Marker Icons/DICT_6X6_50/PNGs/6x6_1000-4.png
  artifactKey: Guid(559c23648c5fc394f8391233fa8d72df) Importer(815301076,1909f56bfc062723c751e8b465ee728b)
Start importing Assets/Input System Framework/ArUCO Markers/Marker Icons/DICT_6X6_50/PNGs/6x6_1000-4.png using Guid(559c23648c5fc394f8391233fa8d72df) Importer(815301076,1909f56bfc062723c751e8b465ee728b)  -> (artifact id: 'daf39f428a389e9a22c99ba5f43d8d6e') in 0.030357 seconds
Number of updated asset objects reloaded before import = 0
Number of asset objects unloaded after import = 3
========================================================================
Received Import Request.
  Time since last request: 0.000019 seconds.
  path: Assets/Input System Framework/ArUCO Markers/Marker Icons/DICT_6X6_50/PNGs/6x6_1000-27.png
  artifactKey: Guid(559ce32813be827418d4e866e2be37e3) Importer(815301076,1909f56bfc062723c751e8b465ee728b)
Start importing Assets/Input System Framework/ArUCO Markers/Marker Icons/DICT_6X6_50/PNGs/6x6_1000-27.png using Guid(559ce32813be827418d4e866e2be37e3) Importer(815301076,1909f56bfc062723c751e8b465ee728b)  -> (artifact id: '105ff2341dc30483d35fa52d27669876') in 0.031894 seconds
Number of updated asset objects reloaded before import = 0
Number of asset objects unloaded after import = 3
========================================================================
Received Import Request.
  Time since last request: 0.000018 seconds.
  path: Assets/Input System Framework/ArUCO Markers/Marker Icons/DICT_6X6_50/PNGs/6x6_1000-22.png
  artifactKey: Guid(fd86df3c488f12e4690be36081119d9c) Importer(815301076,1909f56bfc062723c751e8b465ee728b)
Start importing Assets/Input System Framework/ArUCO Markers/Marker Icons/DICT_6X6_50/PNGs/6x6_1000-22.png using Guid(fd86df3c488f12e4690be36081119d9c) Importer(815301076,1909f56bfc062723c751e8b465ee728b)  -> (artifact id: '54c45a4fc87249d2cb06f5b3d0bb0317') in 0.031387 seconds
Number of updated asset objects reloaded before import = 0
Number of asset objects unloaded after import = 3
========================================================================
Received Import Request.
  Time since last request: 0.000027 seconds.
  path: Assets/Input System Framework/ArUCO Markers/Marker Icons/DICT_6X6_50/PNGs/6x6_1000-28.png
  artifactKey: Guid(60e471284d827c7418f9fdfba688e9df) Importer(815301076,1909f56bfc062723c751e8b465ee728b)
Start importing Assets/Input System Framework/ArUCO Markers/Marker Icons/DICT_6X6_50/PNGs/6x6_1000-28.png using Guid(60e471284d827c7418f9fdfba688e9df) Importer(815301076,1909f56bfc062723c751e8b465ee728b)  -> (artifact id: '79b6e65799c85359b8e92d3fabaf5557') in 0.033039 seconds
Number of updated asset objects reloaded before import = 0
Number of asset objects unloaded after import = 3
========================================================================
Received Import Request.
  Time since last request: 0.000062 seconds.
  path: Assets/Input System Framework/ArUCO Markers/Marker Icons/DICT_6X6_50/PNGs/6x6_1000-39.png
  artifactKey: Guid(5045ce9ca7e35a044b49f51f873f32aa) Importer(815301076,1909f56bfc062723c751e8b465ee728b)
Start importing Assets/Input System Framework/ArUCO Markers/Marker Icons/DICT_6X6_50/PNGs/6x6_1000-39.png using Guid(5045ce9ca7e35a044b49f51f873f32aa) Importer(815301076,1909f56bfc062723c751e8b465ee728b)  -> (artifact id: '561c03466dd062fe1809db1cc8777365') in 0.032190 seconds
Number of updated asset objects reloaded before import = 0
Number of asset objects unloaded after import = 3
========================================================================
Received Import Request.
  Time since last request: 0.000022 seconds.
  path: Assets/Input System Framework/Images and UI/Screen Controls/flatDark/flatDark10.png
  artifactKey: Guid(82474021eea1892448c1ffe2b9417a71) Importer(815301076,1909f56bfc062723c751e8b465ee728b)
Start importing Assets/Input System Framework/Images and UI/Screen Controls/flatDark/flatDark10.png using Guid(82474021eea1892448c1ffe2b9417a71) Importer(815301076,1909f56bfc062723c751e8b465ee728b)  -> (artifact id: 'bb3f2e147b7e55bd8ef6b51d7d292fce') in 0.033281 seconds
Number of updated asset objects reloaded before import = 0
Number of asset objects unloaded after import = 3
========================================================================
Received Import Request.
  Time since last request: 0.000036 seconds.
  path: Assets/Input System Framework/Images and UI/Screen Controls/flatDark/flatDark42.png
  artifactKey: Guid(1323092d3fe33b9498d3a66b9173aeea) Importer(815301076,1909f56bfc062723c751e8b465ee728b)
Start importing Assets/Input System Framework/Images and UI/Screen Controls/flatDark/flatDark42.png using Guid(1323092d3fe33b9498d3a66b9173aeea) Importer(815301076,1909f56bfc062723c751e8b465ee728b)  -> (artifact id: '5d2bfc19ae852526ac6a6ff4799f9047') in 0.034160 seconds
Number of updated asset objects reloaded before import = 0
Number of asset objects unloaded after import = 3
========================================================================
Received Import Request.
  Time since last request: 0.000024 seconds.
  path: Assets/Input System Framework/Images and UI/Screen Controls/flatLight/flatLight06.png
  artifactKey: Guid(3b086fa83d84dce45bb85bb9d3761192) Importer(815301076,1909f56bfc062723c751e8b465ee728b)
Start importing Assets/Input System Framework/Images and UI/Screen Controls/flatLight/flatLight06.png using Guid(3b086fa83d84dce45bb85bb9d3761192) Importer(815301076,1909f56bfc062723c751e8b465ee728b)  -> (artifact id: '57ca6c42115ed3bbcb32ad48bfe32360') in 0.034040 seconds
Number of updated asset objects reloaded before import = 0
Number of asset objects unloaded after import = 3
========================================================================
Received Import Request.
  Time since last request: 0.000028 seconds.
  path: Assets/Input System Framework/Images and UI/Screen Controls/flatDark/flatDark00.png
  artifactKey: Guid(8fda9304af43d984abe648d8dfe529a4) Importer(815301076,1909f56bfc062723c751e8b465ee728b)
Start importing Assets/Input System Framework/Images and UI/Screen Controls/flatDark/flatDark00.png using Guid(8fda9304af43d984abe648d8dfe529a4) Importer(815301076,1909f56bfc062723c751e8b465ee728b)  -> (artifact id: 'a29daa75850f9efcc64af944b4b6704f') in 0.037838 seconds
Number of updated asset objects reloaded before import = 0
Number of asset objects unloaded after import = 3
========================================================================
Received Import Request.
  Time since last request: 0.000021 seconds.
  path: Assets/Input System Framework/Images and UI/Screen Controls/flatDark/flatDark16.png
  artifactKey: Guid(1d8c76a753032384eabad2beb0cbd892) Importer(815301076,1909f56bfc062723c751e8b465ee728b)
Start importing Assets/Input System Framework/Images and UI/Screen Controls/flatDark/flatDark16.png using Guid(1d8c76a753032384eabad2beb0cbd892) Importer(815301076,1909f56bfc062723c751e8b465ee728b)  -> (artifact id: '25a31ef72e12b378efa6c4f3cede1941') in 0.033030 seconds
Number of updated asset objects reloaded before import = 0
Number of asset objects unloaded after import = 3
========================================================================
Received Import Request.
  Time since last request: 0.000020 seconds.
  path: Assets/Mirror/Examples/Pong/Sprites/Ball.png
  artifactKey: Guid(4b66f21097323d44ab40669b2fb9c53d) Importer(815301076,1909f56bfc062723c751e8b465ee728b)
Start importing Assets/Mirror/Examples/Pong/Sprites/Ball.png using Guid(4b66f21097323d44ab40669b2fb9c53d) Importer(815301076,1909f56bfc062723c751e8b465ee728b)  -> (artifact id: '30ff8717fcf847e50f312024f9fd9ca7') in 0.030472 seconds
Number of updated asset objects reloaded before import = 0
Number of asset objects unloaded after import = 3
========================================================================
Received Import Request.
  Time since last request: 0.000027 seconds.
  path: Assets/Input System Framework/Images and UI/Screen Controls/flatDark/flatDark34.png
  artifactKey: Guid(a1e521722e41db44a84099268aabf45f) Importer(815301076,1909f56bfc062723c751e8b465ee728b)
Start importing Assets/Input System Framework/Images and UI/Screen Controls/flatDark/flatDark34.png using Guid(a1e521722e41db44a84099268aabf45f) Importer(815301076,1909f56bfc062723c751e8b465ee728b)  -> (artifact id: '0ca660efd1dec72282b086affbca9ca5') in 0.030747 seconds
Number of updated asset objects reloaded before import = 0
Number of asset objects unloaded after import = 3
========================================================================
Received Import Request.
  Time since last request: 0.000023 seconds.
  path: Assets/Input System Framework/Images and UI/Screen Controls/flatDark/flatDark28.png
  artifactKey: Guid(a12aa4e2fa077fb4da368c115d1c3b40) Importer(815301076,1909f56bfc062723c751e8b465ee728b)
Start importing Assets/Input System Framework/Images and UI/Screen Controls/flatDark/flatDark28.png using Guid(a12aa4e2fa077fb4da368c115d1c3b40) Importer(815301076,1909f56bfc062723c751e8b465ee728b)  -> (artifact id: 'b9137a366bff22adbd6febfb64fee30a') in 0.031920 seconds
Number of updated asset objects reloaded before import = 0
Number of asset objects unloaded after import = 3
========================================================================
Received Import Request.
  Time since last request: 0.000035 seconds.
  path: Assets/Input System Framework/Images and UI/Screen Controls/flatDark/flatDark08.png
  artifactKey: Guid(8be16f3090c167d45bda5d943cc361e5) Importer(815301076,1909f56bfc062723c751e8b465ee728b)
Start importing Assets/Input System Framework/Images and UI/Screen Controls/flatDark/flatDark08.png using Guid(8be16f3090c167d45bda5d943cc361e5) Importer(815301076,1909f56bfc062723c751e8b465ee728b)  -> (artifact id: '0f1a66cd8fd79ab63f8c40092041d440') in 0.034574 seconds
Number of updated asset objects reloaded before import = 0
Number of asset objects unloaded after import = 3
========================================================================
Received Import Request.
  Time since last request: 0.000019 seconds.
  path: Assets/Input System Framework/Images and UI/Screen Controls/flatDark/flatDark29.png
  artifactKey: Guid(fbdbbe1e89420ae4c9c81a3b1f7e56f0) Importer(815301076,1909f56bfc062723c751e8b465ee728b)
Start importing Assets/Input System Framework/Images and UI/Screen Controls/flatDark/flatDark29.png using Guid(fbdbbe1e89420ae4c9c81a3b1f7e56f0) Importer(815301076,1909f56bfc062723c751e8b465ee728b)  -> (artifact id: '77c9cf90970e558d151ea02503bbd6d4') in 0.030037 seconds
Number of updated asset objects reloaded before import = 0
Number of asset objects unloaded after import = 3
========================================================================
Received Import Request.
  Time since last request: 0.000018 seconds.
  path: Assets/Mirror/Examples/Pong/Sprites/DottedLine.png
  artifactKey: Guid(1b5c0b514d8b2d24091d5aec516fe860) Importer(815301076,1909f56bfc062723c751e8b465ee728b)
Start importing Assets/Mirror/Examples/Pong/Sprites/DottedLine.png using Guid(1b5c0b514d8b2d24091d5aec516fe860) Importer(815301076,1909f56bfc062723c751e8b465ee728b)  -> (artifact id: 'd574e75189e4e6da0125c767f82dc77f') in 0.031723 seconds
Number of updated asset objects reloaded before import = 0
Number of asset objects unloaded after import = 3
========================================================================
Received Import Request.
  Time since last request: 0.000025 seconds.
  path: Assets/Input System Framework/Images and UI/Screen Controls/flatDark/flatDark48.png
  artifactKey: Guid(ae52f0549f8c974468c333eb484de1b7) Importer(815301076,1909f56bfc062723c751e8b465ee728b)
Start importing Assets/Input System Framework/Images and UI/Screen Controls/flatDark/flatDark48.png using Guid(ae52f0549f8c974468c333eb484de1b7) Importer(815301076,1909f56bfc062723c751e8b465ee728b)  -> (artifact id: 'ec5246144fb8fc3d82df89714e514c52') in 0.030523 seconds
Number of updated asset objects reloaded before import = 0
Number of asset objects unloaded after import = 3
========================================================================
Received Import Request.
  Time since last request: 0.000021 seconds.
  path: Assets/Input System Framework/Images and UI/Screen Controls/flatLight/flatLight03.png
  artifactKey: Guid(cef644f59593de1429ba9319f7f13850) Importer(815301076,1909f56bfc062723c751e8b465ee728b)
Start importing Assets/Input System Framework/Images and UI/Screen Controls/flatLight/flatLight03.png using Guid(cef644f59593de1429ba9319f7f13850) Importer(815301076,1909f56bfc062723c751e8b465ee728b)  -> (artifact id: '4694c53cf495386e1ff0988e7f5a226a') in 0.038711 seconds
Number of updated asset objects reloaded before import = 0
Number of asset objects unloaded after import = 3
========================================================================
Received Import Request.
  Time since last request: 0.000032 seconds.
  path: Assets/Input System Framework/ArUCO Markers/Marker Icons/DICT_6X6_50/PNGs/6x6_1000-8.png
  artifactKey: Guid(8828a3bd761505648aa942e7a8196753) Importer(815301076,1909f56bfc062723c751e8b465ee728b)
Start importing Assets/Input System Framework/ArUCO Markers/Marker Icons/DICT_6X6_50/PNGs/6x6_1000-8.png using Guid(8828a3bd761505648aa942e7a8196753) Importer(815301076,1909f56bfc062723c751e8b465ee728b)  -> (artifact id: '0733fa1b071d14bd682208db77257c4e') in 0.051428 seconds
Number of updated asset objects reloaded before import = 0
Number of asset objects unloaded after import = 3
========================================================================
Received Import Request.
  Time since last request: 0.000028 seconds.
  path: Assets/Input System Framework/Images and UI/Screen Controls/flatDark/flatDark13.png
  artifactKey: Guid(305543ed52f66514fabf7147e6e08951) Importer(815301076,1909f56bfc062723c751e8b465ee728b)
Start importing Assets/Input System Framework/Images and UI/Screen Controls/flatDark/flatDark13.png using Guid(305543ed52f66514fabf7147e6e08951) Importer(815301076,1909f56bfc062723c751e8b465ee728b)  -> (artifact id: '90b9e4598a9af73b14579b781230add5') in 0.032701 seconds
Number of updated asset objects reloaded before import = 0
Number of asset objects unloaded after import = 3
========================================================================
Received Import Request.
  Time since last request: 0.000039 seconds.
  path: Assets/Input System Framework/Images and UI/Screen Controls/flatDark/flatDark14.png
  artifactKey: Guid(34e68c508ca160645ab342812bcad3c4) Importer(815301076,1909f56bfc062723c751e8b465ee728b)
Start importing Assets/Input System Framework/Images and UI/Screen Controls/flatDark/flatDark14.png using Guid(34e68c508ca160645ab342812bcad3c4) Importer(815301076,1909f56bfc062723c751e8b465ee728b)  -> (artifact id: 'e5bbd23b836d35e4be3d07d33dcd8425') in 0.032646 seconds
Number of updated asset objects reloaded before import = 0
Number of asset objects unloaded after import = 3
========================================================================
Received Import Request.
  Time since last request: 0.000021 seconds.
  path: Assets/Input System Framework/Images and UI/Screen Controls/flatDark/flatDark22.png
  artifactKey: Guid(9613f006ff1979841a85b663a512305f) Importer(815301076,1909f56bfc062723c751e8b465ee728b)
Start importing Assets/Input System Framework/Images and UI/Screen Controls/flatDark/flatDark22.png using Guid(9613f006ff1979841a85b663a512305f) Importer(815301076,1909f56bfc062723c751e8b465ee728b)  -> (artifact id: '2c8825db08a893c5ab50081e768dcfd4') in 0.029034 seconds
Number of updated asset objects reloaded before import = 0
Number of asset objects unloaded after import = 3
========================================================================
Received Import Request.
  Time since last request: 0.000022 seconds.
  path: Assets/Input System Framework/ArUCO Markers/Marker Icons/DICT_6X6_50/PNGs/6x6_1000-40.png
  artifactKey: Guid(d775df57c14410b4c98116c880e51468) Importer(815301076,1909f56bfc062723c751e8b465ee728b)
Start importing Assets/Input System Framework/ArUCO Markers/Marker Icons/DICT_6X6_50/PNGs/6x6_1000-40.png using Guid(d775df57c14410b4c98116c880e51468) Importer(815301076,1909f56bfc062723c751e8b465ee728b)  -> (artifact id: 'ad01bf8350d84ef3d6ffb080efcb973a') in 0.031814 seconds
Number of updated asset objects reloaded before import = 0
Number of asset objects unloaded after import = 3
========================================================================
Received Import Request.
  Time since last request: 0.000020 seconds.
  path: Assets/Input System Framework/Images and UI/Screen Controls/flatDark/flatDark23.png
  artifactKey: Guid(fe72f49b6fcc2124891ed4d62f90f39c) Importer(815301076,1909f56bfc062723c751e8b465ee728b)
Start importing Assets/Input System Framework/Images and UI/Screen Controls/flatDark/flatDark23.png using Guid(fe72f49b6fcc2124891ed4d62f90f39c) Importer(815301076,1909f56bfc062723c751e8b465ee728b)  -> (artifact id: 'a64fcf052c8ea307e6c1d79ceb0c35eb') in 0.035638 seconds
Number of updated asset objects reloaded before import = 0
Number of asset objects unloaded after import = 3
========================================================================
Received Import Request.
  Time since last request: 0.000026 seconds.
  path: Assets/Input System Framework/ArUCO Markers/Marker Icons/DICT_6X6_50/PNGs/6x6_1000-10.png
  artifactKey: Guid(dd880c9b2eb685b418e68fd27fcdf59e) Importer(815301076,1909f56bfc062723c751e8b465ee728b)
Start importing Assets/Input System Framework/ArUCO Markers/Marker Icons/DICT_6X6_50/PNGs/6x6_1000-10.png using Guid(dd880c9b2eb685b418e68fd27fcdf59e) Importer(815301076,1909f56bfc062723c751e8b465ee728b)  -> (artifact id: '63edeb539010d9485ccb2b9cb4e51966') in 0.035257 seconds
Number of updated asset objects reloaded before import = 0
Number of asset objects unloaded after import = 3
========================================================================
Received Import Request.
  Time since last request: 0.000026 seconds.
  path: Assets/Input System Framework/Images and UI/Screen Controls/flatDark/flatDark12.png
  artifactKey: Guid(3d586915b1dfc6e4596cc6e1dfc9a89e) Importer(815301076,1909f56bfc062723c751e8b465ee728b)
Start importing Assets/Input System Framework/Images and UI/Screen Controls/flatDark/flatDark12.png using Guid(3d586915b1dfc6e4596cc6e1dfc9a89e) Importer(815301076,1909f56bfc062723c751e8b465ee728b)  -> (artifact id: '60d4f9c0335ec5422549d3c0b6e6eed7') in 0.030985 seconds
Number of updated asset objects reloaded before import = 0
Number of asset objects unloaded after import = 3
========================================================================
Received Import Request.
  Time since last request: 0.000035 seconds.
  path: Assets/Input System Framework/Images and UI/Screen Controls/flatDark/flatDark37.png
  artifactKey: Guid(394b8cc771433994c9341a2fdf205162) Importer(815301076,1909f56bfc062723c751e8b465ee728b)
Start importing Assets/Input System Framework/Images and UI/Screen Controls/flatDark/flatDark37.png using Guid(394b8cc771433994c9341a2fdf205162) Importer(815301076,1909f56bfc062723c751e8b465ee728b)  -> (artifact id: 'a8c1884fcb8b167368e3fc0e4cb86311') in 0.033604 seconds
Number of updated asset objects reloaded before import = 0
Number of asset objects unloaded after import = 3
========================================================================
Received Import Request.
  Time since last request: 0.000036 seconds.
  path: Assets/Input System Framework/Images and UI/Screen Controls/flatDark/flatDark18.png
  artifactKey: Guid(bfa09abe739e55f44b153ba663c2be0f) Importer(815301076,1909f56bfc062723c751e8b465ee728b)
Start importing Assets/Input System Framework/Images and UI/Screen Controls/flatDark/flatDark18.png using Guid(bfa09abe739e55f44b153ba663c2be0f) Importer(815301076,1909f56bfc062723c751e8b465ee728b)  -> (artifact id: 'cb2b4ba636dde3d4d0fe5bddc7af0fdc') in 0.032120 seconds
Number of updated asset objects reloaded before import = 0
Number of asset objects unloaded after import = 3
========================================================================
Received Import Request.
  Time since last request: 0.000027 seconds.
  path: Assets/Input System Framework/Images and UI/Screen Controls/flatLight/flatLight02.png
  artifactKey: Guid(0a66698468f55f64cb3af39f34467853) Importer(815301076,1909f56bfc062723c751e8b465ee728b)
Start importing Assets/Input System Framework/Images and UI/Screen Controls/flatLight/flatLight02.png using Guid(0a66698468f55f64cb3af39f34467853) Importer(815301076,1909f56bfc062723c751e8b465ee728b)  -> (artifact id: '281c813ce3a1e07034be41bd8e8480f9') in 0.035640 seconds
Number of updated asset objects reloaded before import = 0
Number of asset objects unloaded after import = 3
========================================================================
Received Import Request.
  Time since last request: 0.000021 seconds.
  path: Assets/Input System Framework/ArUCO Markers/Marker Icons/DICT_6X6_50/PNGs/6x6_1000-7.png
  artifactKey: Guid(d58e3c6575cc1a84c999a7d71874157b) Importer(815301076,1909f56bfc062723c751e8b465ee728b)
Start importing Assets/Input System Framework/ArUCO Markers/Marker Icons/DICT_6X6_50/PNGs/6x6_1000-7.png using Guid(d58e3c6575cc1a84c999a7d71874157b) Importer(815301076,1909f56bfc062723c751e8b465ee728b)  -> (artifact id: '58f10db82964db5c64bb5b1b723467ea') in 0.031865 seconds
Number of updated asset objects reloaded before import = 0
Number of asset objects unloaded after import = 3
========================================================================
Received Import Request.
  Time since last request: 0.000032 seconds.
  path: Assets/Input System Framework/Images and UI/Screen Controls/flatLight/flatLight00.png
  artifactKey: Guid(bbf098d127719964096b9e1f126b5576) Importer(815301076,1909f56bfc062723c751e8b465ee728b)
Start importing Assets/Input System Framework/Images and UI/Screen Controls/flatLight/flatLight00.png using Guid(bbf098d127719964096b9e1f126b5576) Importer(815301076,1909f56bfc062723c751e8b465ee728b)  -> (artifact id: '83cb29df9ca0121bf32eb34e2e66e506') in 0.033401 seconds
Number of updated asset objects reloaded before import = 0
Number of asset objects unloaded after import = 3
========================================================================
Received Import Request.
  Time since last request: 0.000027 seconds.
  path: Assets/Input System Framework/Images and UI/Screen Controls/flatLight/flatLight11.png
  artifactKey: Guid(24df6e228c254d34580d0d9f0f02c68b) Importer(815301076,1909f56bfc062723c751e8b465ee728b)
Start importing Assets/Input System Framework/Images and UI/Screen Controls/flatLight/flatLight11.png using Guid(24df6e228c254d34580d0d9f0f02c68b) Importer(815301076,1909f56bfc062723c751e8b465ee728b)  -> (artifact id: '4be1d2396c41be94e80373040b18c6bb') in 0.031662 seconds
Number of updated asset objects reloaded before import = 0
Number of asset objects unloaded after import = 3
========================================================================
Received Import Request.
  Time since last request: 0.000023 seconds.
  path: Assets/Input System Framework/Images and UI/Screen Controls/flatLight/flatLight34.png
  artifactKey: Guid(91dcb90d22a03c64ea7b12dc6342a5ba) Importer(815301076,1909f56bfc062723c751e8b465ee728b)
Start importing Assets/Input System Framework/Images and UI/Screen Controls/flatLight/flatLight34.png using Guid(91dcb90d22a03c64ea7b12dc6342a5ba) Importer(815301076,1909f56bfc062723c751e8b465ee728b)  -> (artifact id: '7bb9861e371bb2bc495dcea779fac9b5') in 0.033109 seconds
Number of updated asset objects reloaded before import = 0
Number of asset objects unloaded after import = 3
========================================================================
Received Import Request.
  Time since last request: 0.000022 seconds.
  path: Assets/Input System Framework/Images and UI/Screen Controls/flatLight/flatLight39.png
  artifactKey: Guid(238dc15777a384144ab11d162e85d6fd) Importer(815301076,1909f56bfc062723c751e8b465ee728b)
Start importing Assets/Input System Framework/Images and UI/Screen Controls/flatLight/flatLight39.png using Guid(238dc15777a384144ab11d162e85d6fd) Importer(815301076,1909f56bfc062723c751e8b465ee728b)  -> (artifact id: 'e3af1ba931500856b794c8c651cc8b69') in 0.032352 seconds
Number of updated asset objects reloaded before import = 0
Number of asset objects unloaded after import = 3
========================================================================
Received Import Request.
  Time since last request: 0.000036 seconds.
  path: Assets/Input System Framework/Images and UI/Screen Controls/flatLight/flatLight47.png
  artifactKey: Guid(cd26b43541529ca4ebbc118e3b59e666) Importer(815301076,1909f56bfc062723c751e8b465ee728b)
Start importing Assets/Input System Framework/Images and UI/Screen Controls/flatLight/flatLight47.png using Guid(cd26b43541529ca4ebbc118e3b59e666) Importer(815301076,1909f56bfc062723c751e8b465ee728b)  -> (artifact id: '7680604e15eedc303f0f185c00d34156') in 0.029866 seconds
Number of updated asset objects reloaded before import = 0
Number of asset objects unloaded after import = 3
========================================================================
Received Import Request.
  Time since last request: 0.000019 seconds.
  path: Assets/Input System Framework/Images and UI/Screen Controls/flatLight/flatLight09.png
  artifactKey: Guid(06bd5b588ada41141a4443d0b73179f7) Importer(815301076,1909f56bfc062723c751e8b465ee728b)
Start importing Assets/Input System Framework/Images and UI/Screen Controls/flatLight/flatLight09.png using Guid(06bd5b588ada41141a4443d0b73179f7) Importer(815301076,1909f56bfc062723c751e8b465ee728b)  -> (artifact id: '32bfd6a0384e68942b83aba811ddb021') in 0.032826 seconds
Number of updated asset objects reloaded before import = 0
Number of asset objects unloaded after import = 3
========================================================================
Received Import Request.
  Time since last request: 0.000020 seconds.
  path: Assets/Input System Framework/Images and UI/Screen Controls/flatLight/flatLight32.png
  artifactKey: Guid(e6efdc09c35776e469beb720ccdf80f1) Importer(815301076,1909f56bfc062723c751e8b465ee728b)
Start importing Assets/Input System Framework/Images and UI/Screen Controls/flatLight/flatLight32.png using Guid(e6efdc09c35776e469beb720ccdf80f1) Importer(815301076,1909f56bfc062723c751e8b465ee728b)  -> (artifact id: 'c7ac11b2323ce556b22668fdafc68b94') in 0.029965 seconds
Number of updated asset objects reloaded before import = 0
Number of asset objects unloaded after import = 3
========================================================================
Received Import Request.
  Time since last request: 0.000020 seconds.
  path: Assets/Input System Framework/Images and UI/Screen Controls/flatLight/flatLight22.png
  artifactKey: Guid(09471041ddd98df4a87960902978d731) Importer(815301076,1909f56bfc062723c751e8b465ee728b)
Start importing Assets/Input System Framework/Images and UI/Screen Controls/flatLight/flatLight22.png using Guid(09471041ddd98df4a87960902978d731) Importer(815301076,1909f56bfc062723c751e8b465ee728b)  -> (artifact id: '1986aef1ba930c6872d5dbdb9abae1f9') in 0.034106 seconds
Number of updated asset objects reloaded before import = 0
Number of asset objects unloaded after import = 3
========================================================================
Received Import Request.
  Time since last request: 0.000020 seconds.
  path: Assets/Input System Framework/Images and UI/Screen Controls/flatLight/flatLight17.png
  artifactKey: Guid(5e80f121cac4ae843959d667a816bad7) Importer(815301076,1909f56bfc062723c751e8b465ee728b)
Start importing Assets/Input System Framework/Images and UI/Screen Controls/flatLight/flatLight17.png using Guid(5e80f121cac4ae843959d667a816bad7) Importer(815301076,1909f56bfc062723c751e8b465ee728b)  -> (artifact id: 'f4b38afc7cd9cdc46db784fe631c85b7') in 0.031916 seconds
Number of updated asset objects reloaded before import = 0
Number of asset objects unloaded after import = 3
========================================================================
Received Import Request.
  Time since last request: 0.000023 seconds.
  path: Assets/Input System Framework/Images and UI/Screen Controls/flatLight/flatLight44.png
  artifactKey: Guid(25194963224460745af3237ed864853b) Importer(815301076,1909f56bfc062723c751e8b465ee728b)
Start importing Assets/Input System Framework/Images and UI/Screen Controls/flatLight/flatLight44.png using Guid(25194963224460745af3237ed864853b) Importer(815301076,1909f56bfc062723c751e8b465ee728b)  -> (artifact id: '79bb1783afb5214610a8feb9f663b287') in 0.033840 seconds
Number of updated asset objects reloaded before import = 0
Number of asset objects unloaded after import = 3
========================================================================
Received Import Request.
  Time since last request: 0.000041 seconds.
  path: Assets/Input System Framework/Images and UI/Screen Controls/flatLight/flatLight37.png
  artifactKey: Guid(51d8d46a3241f7047b22f253d398f946) Importer(815301076,1909f56bfc062723c751e8b465ee728b)
Start importing Assets/Input System Framework/Images and UI/Screen Controls/flatLight/flatLight37.png using Guid(51d8d46a3241f7047b22f253d398f946) Importer(815301076,1909f56bfc062723c751e8b465ee728b)  -> (artifact id: 'b467a44f94d21c85b7dad5902768c639') in 0.029756 seconds
Number of updated asset objects reloaded before import = 0
Number of asset objects unloaded after import = 3
========================================================================
Received Import Request.
  Time since last request: 0.000031 seconds.
  path: Assets/Input System Framework/Images and UI/Screen Controls/flatLight/flatLight13.png
  artifactKey: Guid(dba9d71c3499c164b91fab4dddb93c40) Importer(815301076,1909f56bfc062723c751e8b465ee728b)
Start importing Assets/Input System Framework/Images and UI/Screen Controls/flatLight/flatLight13.png using Guid(dba9d71c3499c164b91fab4dddb93c40) Importer(815301076,1909f56bfc062723c751e8b465ee728b)  -> (artifact id: '09a9f40c95ded985e046b5a6b7920a7c') in 0.029680 seconds
Number of updated asset objects reloaded before import = 0
Number of asset objects unloaded after import = 3
========================================================================
Received Import Request.
  Time since last request: 0.000033 seconds.
  path: Assets/Input System Framework/Images and UI/Screen Controls/flatLight/flatLight41.png
  artifactKey: Guid(07b44a256db88d8438ae7fe3e5c2e587) Importer(815301076,1909f56bfc062723c751e8b465ee728b)
Start importing Assets/Input System Framework/Images and UI/Screen Controls/flatLight/flatLight41.png using Guid(07b44a256db88d8438ae7fe3e5c2e587) Importer(815301076,1909f56bfc062723c751e8b465ee728b)  -> (artifact id: 'ba671ae1fdf48d365d931c4d97c1cc60') in 0.029684 seconds
Number of updated asset objects reloaded before import = 0
Number of asset objects unloaded after import = 3
========================================================================
Received Import Request.
  Time since last request: 0.000024 seconds.
  path: Assets/Input System Framework/Images and UI/Screen Controls/flatLight/flatLight29.png
  artifactKey: Guid(612e5b27de4635c479506c0c63b8fc3a) Importer(815301076,1909f56bfc062723c751e8b465ee728b)
Start importing Assets/Input System Framework/Images and UI/Screen Controls/flatLight/flatLight29.png using Guid(612e5b27de4635c479506c0c63b8fc3a) Importer(815301076,1909f56bfc062723c751e8b465ee728b)  -> (artifact id: '230ac883cf5743d2f3029544a11929b5') in 0.030192 seconds
Number of updated asset objects reloaded before import = 0
Number of asset objects unloaded after import = 3
========================================================================
Received Import Request.
  Time since last request: 0.000022 seconds.
  path: Assets/Input System Framework/Images and UI/Screen Controls/flatLight/flatLight42.png
  artifactKey: Guid(54e44910748bf8443a73dfddf540946c) Importer(815301076,1909f56bfc062723c751e8b465ee728b)
Start importing Assets/Input System Framework/Images and UI/Screen Controls/flatLight/flatLight42.png using Guid(54e44910748bf8443a73dfddf540946c) Importer(815301076,1909f56bfc062723c751e8b465ee728b)  -> (artifact id: '59c7c8caad149ee460dc6f8daabc3d38') in 0.031670 seconds
Number of updated asset objects reloaded before import = 0
Number of asset objects unloaded after import = 3
========================================================================
Received Import Request.
  Time since last request: 0.000024 seconds.
  path: Assets/Input System Framework/ArUCO Markers/Marker Icons/DICT_6X6_50/PNGs/6x6_1000-30.png
  artifactKey: Guid(be8c5baf440451b438e01d0cea470739) Importer(815301076,1909f56bfc062723c751e8b465ee728b)
Start importing Assets/Input System Framework/ArUCO Markers/Marker Icons/DICT_6X6_50/PNGs/6x6_1000-30.png using Guid(be8c5baf440451b438e01d0cea470739) Importer(815301076,1909f56bfc062723c751e8b465ee728b)  -> (artifact id: 'bb7d85a97a3542751e8f2062b61f0b00') in 0.032913 seconds
Number of updated asset objects reloaded before import = 0
Number of asset objects unloaded after import = 3
========================================================================
Received Import Request.
  Time since last request: 0.000022 seconds.
  path: Assets/Input System Framework/Images and UI/Screen Controls/flatLight/flatLight14.png
  artifactKey: Guid(c5475452e134e904996e3f25d1f75f14) Importer(815301076,1909f56bfc062723c751e8b465ee728b)
Start importing Assets/Input System Framework/Images and UI/Screen Controls/flatLight/flatLight14.png using Guid(c5475452e134e904996e3f25d1f75f14) Importer(815301076,1909f56bfc062723c751e8b465ee728b)  -> (artifact id: '192ca15dd9b0c5435f48d9df31bc572c') in 0.033852 seconds
Number of updated asset objects reloaded before import = 0
Number of asset objects unloaded after import = 3
========================================================================
Received Import Request.
  Time since last request: 0.000024 seconds.
  path: Assets/Input System Framework/Images and UI/Screen Controls/flatDark/flatDark03.png
  artifactKey: Guid(9c1b9a9b67a6dd24f8d6d4e35cd3ddc3) Importer(815301076,1909f56bfc062723c751e8b465ee728b)
Start importing Assets/Input System Framework/Images and UI/Screen Controls/flatDark/flatDark03.png using Guid(9c1b9a9b67a6dd24f8d6d4e35cd3ddc3) Importer(815301076,1909f56bfc062723c751e8b465ee728b)  -> (artifact id: '60e4efa505ff1f86ed9409a8f445dcd2') in 0.035937 seconds
Number of updated asset objects reloaded before import = 0
Number of asset objects unloaded after import = 3
========================================================================
Received Import Request.
  Time since last request: 0.000026 seconds.
  path: Assets/Input System Framework/ArUCO Markers/Marker Icons/DICT_6X6_50/PNGs/6x6_1000-35.png
  artifactKey: Guid(bdfdf44090fd0454889d744796c2ffd9) Importer(815301076,1909f56bfc062723c751e8b465ee728b)
Start importing Assets/Input System Framework/ArUCO Markers/Marker Icons/DICT_6X6_50/PNGs/6x6_1000-35.png using Guid(bdfdf44090fd0454889d744796c2ffd9) Importer(815301076,1909f56bfc062723c751e8b465ee728b)  -> (artifact id: '80acd4961fa0870f18c7eea900b64cff') in 0.032588 seconds
Number of updated asset objects reloaded before import = 0
Number of asset objects unloaded after import = 3
========================================================================
Received Import Request.
  Time since last request: 0.000023 seconds.
  path: Assets/Input System Framework/ArUCO Markers/Marker Icons/DICT_6X6_50/PNGs/6x6_1000-36.png
  artifactKey: Guid(02e1df44789cdef4f85eb7ff38872392) Importer(815301076,1909f56bfc062723c751e8b465ee728b)
Start importing Assets/Input System Framework/ArUCO Markers/Marker Icons/DICT_6X6_50/PNGs/6x6_1000-36.png using Guid(02e1df44789cdef4f85eb7ff38872392) Importer(815301076,1909f56bfc062723c751e8b465ee728b)  -> (artifact id: '7dce6b8818e0d8e5c3ef3b6c11578d24') in 0.031227 seconds
Number of updated asset objects reloaded before import = 0
Number of asset objects unloaded after import = 3
========================================================================
Received Import Request.
  Time since last request: 0.000036 seconds.
  path: Assets/Input System Framework/Images and UI/Screen Controls/flatDark/flatDark27.png
  artifactKey: Guid(3130b1ee5e5db6c4189103e03ffbedb6) Importer(815301076,1909f56bfc062723c751e8b465ee728b)
Start importing Assets/Input System Framework/Images and UI/Screen Controls/flatDark/flatDark27.png using Guid(3130b1ee5e5db6c4189103e03ffbedb6) Importer(815301076,1909f56bfc062723c751e8b465ee728b)  -> (artifact id: '53ecd0548202ca984734858a9526e6e4') in 0.030297 seconds
Number of updated asset objects reloaded before import = 0
Number of asset objects unloaded after import = 3
========================================================================
Received Import Request.
  Time since last request: 0.000023 seconds.
  path: Assets/Input System Framework/Images and UI/Screen Controls/flatLight/flatLight15.png
  artifactKey: Guid(acfe22b9199c5e340bb95388ccdbde5d) Importer(815301076,1909f56bfc062723c751e8b465ee728b)
Start importing Assets/Input System Framework/Images and UI/Screen Controls/flatLight/flatLight15.png using Guid(acfe22b9199c5e340bb95388ccdbde5d) Importer(815301076,1909f56bfc062723c751e8b465ee728b)  -> (artifact id: '24e2348c4282ca33d23a7ea36a517717') in 0.033225 seconds
Number of updated asset objects reloaded before import = 0
Number of asset objects unloaded after import = 3
========================================================================
Received Import Request.
  Time since last request: 0.000034 seconds.
  path: Assets/Input System Framework/Images and UI/Screen Controls/flatDark/flatDark15.png
  artifactKey: Guid(bdb4f194bfaf565498b57a456e87ac8c) Importer(815301076,1909f56bfc062723c751e8b465ee728b)
Start importing Assets/Input System Framework/Images and UI/Screen Controls/flatDark/flatDark15.png using Guid(bdb4f194bfaf565498b57a456e87ac8c) Importer(815301076,1909f56bfc062723c751e8b465ee728b)  -> (artifact id: 'a64b8d52a31ec09a6ba3c5a917bda674') in 0.030312 seconds
Number of updated asset objects reloaded before import = 0
Number of asset objects unloaded after import = 3
========================================================================
Received Import Request.
  Time since last request: 0.000030 seconds.
  path: Assets/Input System Framework/ArUCO Markers/Marker Icons/DICT_6X6_50/PNGs/6x6_1000-23.png
  artifactKey: Guid(dc79177ec92269040b6bf286ada8e88c) Importer(815301076,1909f56bfc062723c751e8b465ee728b)
Start importing Assets/Input System Framework/ArUCO Markers/Marker Icons/DICT_6X6_50/PNGs/6x6_1000-23.png using Guid(dc79177ec92269040b6bf286ada8e88c) Importer(815301076,1909f56bfc062723c751e8b465ee728b)  -> (artifact id: 'ad7be6740f540dfed8beb903c4065586') in 0.035775 seconds
Number of updated asset objects reloaded before import = 0
Number of asset objects unloaded after import = 3
========================================================================
Received Import Request.
  Time since last request: 0.000027 seconds.
  path: Assets/Input System Framework/Images and UI/Screen Controls/flatDark/flatDark38.png
  artifactKey: Guid(114bc77accbd3084f9c40e2a1d837b08) Importer(815301076,1909f56bfc062723c751e8b465ee728b)
Start importing Assets/Input System Framework/Images and UI/Screen Controls/flatDark/flatDark38.png using Guid(114bc77accbd3084f9c40e2a1d837b08) Importer(815301076,1909f56bfc062723c751e8b465ee728b)  -> (artifact id: '51d8af47fdfee6d1661f9a267810aeb4') in 0.034364 seconds
Number of updated asset objects reloaded before import = 0
Number of asset objects unloaded after import = 3
========================================================================
Received Import Request.
  Time since last request: 0.000026 seconds.
  path: Assets/Input System Framework/Images and UI/Screen Controls/flatDark/flatDark33.png
  artifactKey: Guid(ac804964bb25acb459f88277bcf9cc8d) Importer(815301076,1909f56bfc062723c751e8b465ee728b)
Start importing Assets/Input System Framework/Images and UI/Screen Controls/flatDark/flatDark33.png using Guid(ac804964bb25acb459f88277bcf9cc8d) Importer(815301076,1909f56bfc062723c751e8b465ee728b)  -> (artifact id: 'a31c6c71d00444f80d9e49915156116f') in 0.032410 seconds
Number of updated asset objects reloaded before import = 0
Number of asset objects unloaded after import = 3
========================================================================
Received Import Request.
  Time since last request: 0.000022 seconds.
  path: Assets/Input System Framework/Images and UI/Screen Controls/flatDark/flatDark30.png
  artifactKey: Guid(cac74bd53f2fc794aa6f4f7bd21107c3) Importer(815301076,1909f56bfc062723c751e8b465ee728b)
Start importing Assets/Input System Framework/Images and UI/Screen Controls/flatDark/flatDark30.png using Guid(cac74bd53f2fc794aa6f4f7bd21107c3) Importer(815301076,1909f56bfc062723c751e8b465ee728b)  -> (artifact id: '9cb1cb0d7ecb9ccf52629d6cab04efe1') in 0.031321 seconds
Number of updated asset objects reloaded before import = 0
Number of asset objects unloaded after import = 3
========================================================================
Received Import Request.
  Time since last request: 0.000040 seconds.
  path: Assets/Input System Framework/ArUCO Markers/Marker Icons/DICT_6X6_50/PNGs/6x6_1000-9.png
  artifactKey: Guid(89e61c962d6f1064c90360f59deded8f) Importer(815301076,1909f56bfc062723c751e8b465ee728b)
Start importing Assets/Input System Framework/ArUCO Markers/Marker Icons/DICT_6X6_50/PNGs/6x6_1000-9.png using Guid(89e61c962d6f1064c90360f59deded8f) Importer(815301076,1909f56bfc062723c751e8b465ee728b)  -> (artifact id: '70a2619a9dde1bca8cd64adcce708888') in 0.032660 seconds
Number of updated asset objects reloaded before import = 0
Number of asset objects unloaded after import = 3
========================================================================
Received Import Request.
  Time since last request: 0.000021 seconds.
  path: Assets/Input System Framework/Images and UI/Screen Controls/flatLight/flatLight40.png
  artifactKey: Guid(8d36daa353f916041b8a87de56700235) Importer(815301076,1909f56bfc062723c751e8b465ee728b)
Start importing Assets/Input System Framework/Images and UI/Screen Controls/flatLight/flatLight40.png using Guid(8d36daa353f916041b8a87de56700235) Importer(815301076,1909f56bfc062723c751e8b465ee728b)  -> (artifact id: '2140f2d27d85e56ea1e3fd95d5d7f7a0') in 0.034218 seconds
Number of updated asset objects reloaded before import = 0
Number of asset objects unloaded after import = 3
========================================================================
Received Import Request.
  Time since last request: 0.000023 seconds.
  path: Assets/Input System Framework/Images and UI/Screen Controls/flatDark/flatDark32.png
  artifactKey: Guid(cb98d111b02be2a4e9756462ae515cff) Importer(815301076,1909f56bfc062723c751e8b465ee728b)
Start importing Assets/Input System Framework/Images and UI/Screen Controls/flatDark/flatDark32.png using Guid(cb98d111b02be2a4e9756462ae515cff) Importer(815301076,1909f56bfc062723c751e8b465ee728b)  -> (artifact id: '33785b8d2d9248c11bbe3d651894303d') in 0.032678 seconds
Number of updated asset objects reloaded before import = 0
Number of asset objects unloaded after import = 3
========================================================================
Received Import Request.
  Time since last request: 0.000029 seconds.
  path: Assets/Input System Framework/Images and UI/Screen Controls/flatLight/flatLight26.png
  artifactKey: Guid(d6085d691007d0c4483ce91f93e0c564) Importer(815301076,1909f56bfc062723c751e8b465ee728b)
Start importing Assets/Input System Framework/Images and UI/Screen Controls/flatLight/flatLight26.png using Guid(d6085d691007d0c4483ce91f93e0c564) Importer(815301076,1909f56bfc062723c751e8b465ee728b)  -> (artifact id: 'd5116501acaa1e9f3799eb2c7d0c1d64') in 0.033552 seconds
Number of updated asset objects reloaded before import = 0
Number of asset objects unloaded after import = 3
========================================================================
Received Import Request.
  Time since last request: 0.000027 seconds.
  path: Assets/Input System Framework/Images and UI/Screen Controls/flatLight/flatLight05.png
  artifactKey: Guid(8db3f8175a85ecb4ca8ab9fddbdf5bd7) Importer(815301076,1909f56bfc062723c751e8b465ee728b)
Start importing Assets/Input System Framework/Images and UI/Screen Controls/flatLight/flatLight05.png using Guid(8db3f8175a85ecb4ca8ab9fddbdf5bd7) Importer(815301076,1909f56bfc062723c751e8b465ee728b)  -> (artifact id: 'd351e32a79ced7d6a11beff51f10173c') in 0.032114 seconds
Number of updated asset objects reloaded before import = 0
Number of asset objects unloaded after import = 3
========================================================================
Received Import Request.
  Time since last request: 0.000018 seconds.
  path: Assets/Input System Framework/ArUCO Markers/Marker Icons/DICT_6X6_50/PNGs/6x6_1000-19.png
  artifactKey: Guid(28ef8c7f231a9ee4bab4fa10039e7ddd) Importer(815301076,1909f56bfc062723c751e8b465ee728b)
Start importing Assets/Input System Framework/ArUCO Markers/Marker Icons/DICT_6X6_50/PNGs/6x6_1000-19.png using Guid(28ef8c7f231a9ee4bab4fa10039e7ddd) Importer(815301076,1909f56bfc062723c751e8b465ee728b)  -> (artifact id: 'd3fdea203a26044952e736a326600cc1') in 0.032607 seconds
Number of updated asset objects reloaded before import = 0
Number of asset objects unloaded after import = 3
========================================================================
Received Import Request.
  Time since last request: 0.000026 seconds.
  path: Assets/Input System Framework/Images and UI/Screen Controls/flatDark/flatDark46.png
  artifactKey: Guid(d6864bed700fb8b42a7b31f05f52276c) Importer(815301076,1909f56bfc062723c751e8b465ee728b)
Start importing Assets/Input System Framework/Images and UI/Screen Controls/flatDark/flatDark46.png using Guid(d6864bed700fb8b42a7b31f05f52276c) Importer(815301076,1909f56bfc062723c751e8b465ee728b)  -> (artifact id: 'c9661a83ac9d766c3ef2688a90abc461') in 0.031735 seconds
Number of updated asset objects reloaded before import = 0
Number of asset objects unloaded after import = 3
========================================================================
Received Import Request.
  Time since last request: 0.000032 seconds.
  path: Assets/Input System Framework/Images and UI/Screen Controls/flatLight/flatLight38.png
  artifactKey: Guid(70b2da0919f5b92418e8ed392873fa31) Importer(815301076,1909f56bfc062723c751e8b465ee728b)
Start importing Assets/Input System Framework/Images and UI/Screen Controls/flatLight/flatLight38.png using Guid(70b2da0919f5b92418e8ed392873fa31) Importer(815301076,1909f56bfc062723c751e8b465ee728b)  -> (artifact id: '7956eebcdd6c45475f3269cce3125a4e') in 0.030407 seconds
Number of updated asset objects reloaded before import = 0
Number of asset objects unloaded after import = 3
========================================================================
Received Import Request.
  Time since last request: 0.000021 seconds.
  path: Assets/Input System Framework/ArUCO Markers/Marker Icons/DICT_6X6_50/PNGs/6x6_1000-11.png
  artifactKey: Guid(098630650cebe134b85f70596b3a18a3) Importer(815301076,1909f56bfc062723c751e8b465ee728b)
Start importing Assets/Input System Framework/ArUCO Markers/Marker Icons/DICT_6X6_50/PNGs/6x6_1000-11.png using Guid(098630650cebe134b85f70596b3a18a3) Importer(815301076,1909f56bfc062723c751e8b465ee728b)  -> (artifact id: 'af553c5af17e163c5bdfee2573187ff1') in 0.031451 seconds
Number of updated asset objects reloaded before import = 0
Number of asset objects unloaded after import = 3
========================================================================
Received Import Request.
  Time since last request: 0.000042 seconds.
  path: Assets/Input System Framework/Images and UI/Screen Controls/flatDark/flatDark35.png
  artifactKey: Guid(189fd20e9a030e44d849028f975c3b46) Importer(815301076,1909f56bfc062723c751e8b465ee728b)
Start importing Assets/Input System Framework/Images and UI/Screen Controls/flatDark/flatDark35.png using Guid(189fd20e9a030e44d849028f975c3b46) Importer(815301076,1909f56bfc062723c751e8b465ee728b)  -> (artifact id: '2021882183990150e16383d48834b2e3') in 0.032380 seconds
Number of updated asset objects reloaded before import = 0
Number of asset objects unloaded after import = 3
Editor requested this worker to shutdown with reason: Scaling down because of idle timeout
TcpMessagingSession - receive error: operation aborted. errorcode: 995, details: The I/O operation has been aborted because of either a thread exit or an application request.
AssetImportWorker is now disconnected from the server
Process exiting
Exiting without the bug reporter. Application will terminate with return code 0