Using pre-set license
Built from '2022.3/staging' branch; Version is '2022.3.11f1 (d00248457e15) revision 13632072'; Using compiler version '192829333'; Build Type 'Release'
OS: 'Windows 10  (10.0.19045) 64bit Core' Language: 'en' Physical Memory: 32173 MB
BatchMode: 1, IsHumanControllingUs: 0, StartBugReporterOnCrash: 0, Is64bit: 1, IsPro: 1

COMMAND LINE ARGUMENTS:
C:\Program Files\Unity\Hub\Editor\2022.3.11f1\Editor\Unity.exe
-adb2
-batchMode
-noUpm
-name
AssetImportWorker3
-projectPath
C:/Users/salok/Documents/GitHub/Hololens-Development/Input Framework
-logFile
Logs/AssetImportWorker3.log
-srvPort
59656
Successfully changed project path to: C:/Users/salok/Documents/GitHub/Hololens-Development/Input Framework
C:/Users/salok/Documents/GitHub/Hololens-Development/Input Framework
[UnityMemory] Configuration Parameters - Can be set up in boot.config
    "memorysetup-bucket-allocator-granularity=16"
    "memorysetup-bucket-allocator-bucket-count=8"
    "memorysetup-bucket-allocator-block-size=33554432"
    "memorysetup-bucket-allocator-block-count=8"
    "memorysetup-main-allocator-block-size=16777216"
    "memorysetup-thread-allocator-block-size=16777216"
    "memorysetup-gfx-main-allocator-block-size=16777216"
    "memorysetup-gfx-thread-allocator-block-size=16777216"
    "memorysetup-cache-allocator-block-size=4194304"
    "memorysetup-typetree-allocator-block-size=2097152"
    "memorysetup-profiler-bucket-allocator-granularity=16"
    "memorysetup-profiler-bucket-allocator-bucket-count=8"
    "memorysetup-profiler-bucket-allocator-block-size=33554432"
    "memorysetup-profiler-bucket-allocator-block-count=8"
    "memorysetup-profiler-allocator-block-size=16777216"
    "memorysetup-profiler-editor-allocator-block-size=1048576"
    "memorysetup-temp-allocator-size-main=16777216"
    "memorysetup-job-temp-allocator-block-size=2097152"
    "memorysetup-job-temp-allocator-block-size-background=1048576"
    "memorysetup-job-temp-allocator-reduction-small-platforms=262144"
    "memorysetup-allocator-temp-initial-block-size-main=262144"
    "memorysetup-allocator-temp-initial-block-size-worker=262144"
    "memorysetup-temp-allocator-size-background-worker=32768"
    "memorysetup-temp-allocator-size-job-worker=262144"
    "memorysetup-temp-allocator-size-preload-manager=33554432"
    "memorysetup-temp-allocator-size-nav-mesh-worker=65536"
    "memorysetup-temp-allocator-size-audio-worker=65536"
    "memorysetup-temp-allocator-size-cloud-worker=32768"
    "memorysetup-temp-allocator-size-gi-baking-worker=262144"
    "memorysetup-temp-allocator-size-gfx=262144"
Player connection [30784] Host "[IP] 192.168.1.140 [Port] 0 [Flags] 2 [Guid] 4168443159 [EditorId] 4168443159 [Version] 1048832 [Id] WindowsEditor(7,MININT-2R6ROKC) [Debug] 1 [PackageName] WindowsEditor [ProjectName] Editor" joined multi-casting on [225.0.0.222:54997]...

Player connection [30784] Host "[IP] 192.168.1.140 [Port] 0 [Flags] 2 [Guid] 4168443159 [EditorId] 4168443159 [Version] 1048832 [Id] WindowsEditor(7,MININT-2R6ROKC) [Debug] 1 [PackageName] WindowsEditor [ProjectName] Editor" joined alternative multi-casting on [225.0.0.222:34997]...

[Physics::Module] Initialized MultithreadedJobDispatcher with 15 workers.
Refreshing native plugins compatible for Editor in 17.49 ms, found 3 plugins.
Preloading 0 native plugins for Editor in 0.00 ms.
Initialize engine version: 2022.3.11f1 (d00248457e15)
[Subsystems] Discovering subsystems at path C:/Program Files/Unity/Hub/Editor/2022.3.11f1/Editor/Data/Resources/UnitySubsystems
[Subsystems] Discovering subsystems at path C:/Users/salok/Documents/GitHub/Hololens-Development/Input Framework/Assets
GfxDevice: creating device client; threaded=0; jobified=0
Direct3D:
    Version:  Direct3D 11.0 [level 11.1]
    Renderer: NVIDIA GeForce RTX 2060 (ID=0x1f15)
    Vendor:   NVIDIA
    VRAM:     5980 MB
    Driver:   31.0.15.1700
Initialize mono
Mono path[0] = 'C:/Program Files/Unity/Hub/Editor/2022.3.11f1/Editor/Data/Managed'
Mono path[1] = 'C:/Program Files/Unity/Hub/Editor/2022.3.11f1/Editor/Data/MonoBleedingEdge/lib/mono/unityjit-win32'
Mono config path = 'C:/Program Files/Unity/Hub/Editor/2022.3.11f1/Editor/Data/MonoBleedingEdge/etc'
Using monoOptions --debugger-agent=transport=dt_socket,embedding=1,server=y,suspend=n,address=127.0.0.1:56372
Begin MonoManager ReloadAssembly
Registering precompiled unity dll's ...
Register platform support module: C:/Program Files/Unity/Hub/Editor/2022.3.11f1/Editor/Data/PlaybackEngines/AndroidPlayer/UnityEditor.Android.Extensions.dll
Register platform support module: C:/Program Files/Unity/Hub/Editor/2022.3.11f1/Editor/Data/PlaybackEngines/iOSSupport/UnityEditor.iOS.Extensions.dll
Register platform support module: C:/Program Files/Unity/Hub/Editor/2022.3.11f1/Editor/Data/PlaybackEngines/WindowsStandaloneSupport/UnityEditor.WindowsStandalone.Extensions.dll
Register platform support module: C:/Program Files/Unity/Hub/Editor/2022.3.11f1/Editor/Data/PlaybackEngines/LinuxStandaloneSupport/UnityEditor.LinuxStandalone.Extensions.dll
Register platform support module: C:/Program Files/Unity/Hub/Editor/2022.3.11f1/Editor/Data/PlaybackEngines/MetroSupport/UnityEditor.UWP.Extensions.dll
Registered in 0.025325 seconds.
- Loaded All Assemblies, in  0.587 seconds
Native extension for UWP target not found
Native extension for LinuxStandalone target not found
Native extension for WindowsStandalone target not found
Native extension for iOS target not found
Native extension for Android target not found
Android Extension - Scanning For ADB Devices 440 ms
Mono: successfully reloaded assembly
- Finished resetting the current domain, in  0.956 seconds
Domain Reload Profiling: 1540ms
	BeginReloadAssembly (173ms)
		ExecutionOrderSort (0ms)
		DisableScriptedObjects (0ms)
		BackupInstance (0ms)
		ReleaseScriptingObjects (0ms)
		CreateAndSetChildDomain (1ms)
	RebuildCommonClasses (56ms)
	RebuildNativeTypeToScriptingClass (16ms)
	initialDomainReloadingComplete (103ms)
	LoadAllAssembliesAndSetupDomain (237ms)
		LoadAssemblies (172ms)
		RebuildTransferFunctionScriptingTraits (0ms)
		AnalyzeDomain (232ms)
			TypeCache.Refresh (229ms)
				TypeCache.ScanAssembly (210ms)
			ScanForSourceGeneratedMonoScriptInfo (1ms)
			ResolveRequiredComponents (1ms)
	FinalizeReload (956ms)
		ReleaseScriptCaches (0ms)
		RebuildScriptCaches (0ms)
		SetupLoadedEditorAssemblies (871ms)
			LogAssemblyErrors (0ms)
			InitializePlatformSupportModulesInManaged (650ms)
			SetLoadedEditorAssemblies (5ms)
			RefreshPlugins (0ms)
			BeforeProcessingInitializeOnLoad (3ms)
			ProcessInitializeOnLoadAttributes (146ms)
			ProcessInitializeOnLoadMethodAttributes (67ms)
			AfterProcessingInitializeOnLoad (0ms)
			EditorAssembliesLoaded (0ms)
		ExecutionOrderSort2 (0ms)
		AwakeInstancesAfterBackupRestoration (0ms)
========================================================================
Worker process is ready to serve import requests
Begin MonoManager ReloadAssembly
- Loaded All Assemblies, in  1.072 seconds
Refreshing native plugins compatible for Editor in 7.23 ms, found 3 plugins.
Native extension for UWP target not found
Native extension for LinuxStandalone target not found
Native extension for WindowsStandalone target not found
Native extension for iOS target not found
Native extension for Android target not found
Package Manager log level set to [2]
[Package Manager] Server::EnsureServerProcessIsRunning -- launch failed, reason: Unity was launched with the -noUpm command-line argument
[Package Manager] UpmClient::Send -- Unable to send message (not connected to UPM process).
[Package Manager] Cannot connect to Unity Package Manager local server
[ScriptCompilation] NOT recompiling all scripts because this is an import worker process. Reason to compile was: Define symbols changed
Mirror | mirror-networking.com | discord.gg/N9QVxbM
UnityEngine.StackTraceUtility:ExtractStackTrace ()
UnityEngine.DebugLogHandler:LogFormat (UnityEngine.LogType,UnityEngine.Object,string,object[])
UnityEngine.Logger:Log (UnityEngine.LogType,object)
UnityEngine.Debug:Log (object)
Mirror.Welcome:OnInitializeOnLoad () (at Assets/Mirror/Editor/Welcome.cs:18)
System.Reflection.RuntimeMethodInfo:Invoke (object,System.Reflection.BindingFlags,System.Reflection.Binder,object[],System.Globalization.CultureInfo)
System.Reflection.MethodBase:Invoke (object,object[])
UnityEditor.EditorAssemblies:ProcessInitializeOnLoadMethodAttributes ()

(Filename: Assets/Mirror/Editor/Welcome.cs Line: 18)

Mono: successfully reloaded assembly
- Finished resetting the current domain, in  0.995 seconds
Domain Reload Profiling: 2061ms
	BeginReloadAssembly (198ms)
		ExecutionOrderSort (0ms)
		DisableScriptedObjects (7ms)
		BackupInstance (0ms)
		ReleaseScriptingObjects (0ms)
		CreateAndSetChildDomain (28ms)
	RebuildCommonClasses (53ms)
	RebuildNativeTypeToScriptingClass (15ms)
	initialDomainReloadingComplete (65ms)
	LoadAllAssembliesAndSetupDomain (734ms)
		LoadAssemblies (532ms)
		RebuildTransferFunctionScriptingTraits (0ms)
		AnalyzeDomain (319ms)
			TypeCache.Refresh (279ms)
				TypeCache.ScanAssembly (253ms)
			ScanForSourceGeneratedMonoScriptInfo (25ms)
			ResolveRequiredComponents (12ms)
	FinalizeReload (996ms)
		ReleaseScriptCaches (0ms)
		RebuildScriptCaches (0ms)
		SetupLoadedEditorAssemblies (735ms)
			LogAssemblyErrors (0ms)
			InitializePlatformSupportModulesInManaged (64ms)
			SetLoadedEditorAssemblies (8ms)
			RefreshPlugins (0ms)
			BeforeProcessingInitializeOnLoad (103ms)
			ProcessInitializeOnLoadAttributes (501ms)
			ProcessInitializeOnLoadMethodAttributes (48ms)
			AfterProcessingInitializeOnLoad (11ms)
			EditorAssembliesLoaded (0ms)
		ExecutionOrderSort2 (0ms)
		AwakeInstancesAfterBackupRestoration (9ms)
Launched and connected shader compiler UnityShaderCompiler.exe after 0.07 seconds
Refreshing native plugins compatible for Editor in 11.08 ms, found 3 plugins.
Preloading 0 native plugins for Editor in 0.00 ms.
Unloading 3927 Unused Serialized files (Serialized files now loaded: 0)
Unloading 48 unused Assets / (61.5 KB). Loaded Objects now: 4384.
Memory consumption went from 146.1 MB to 146.0 MB.
Total: 6.487000 ms (FindLiveObjects: 0.629900 ms CreateObjectMapping: 0.308200 ms MarkObjects: 5.381100 ms  DeleteObjects: 0.165600 ms)

AssetImportParameters requested are different than current active one (requested -> active):
  custom:container-demuxer-ogg: 62fdf1f143b41e24485cea50d1cbac27 -> 
  custom:video-decoder-ogg-theora: a1e56fd34408186e4bbccfd4996cb3dc -> 
  custom:framework-win-MediaFoundation: 216162199b28c13a410421893ffa2e32 -> 
  custom:CustomObjectIndexerAttribute: 756ad292c208cfabdd7b50bc23989ffe -> 
  custom:container-demuxer-webm: 4f35f7cbe854078d1ac9338744f61a02 -> 
  custom:container-muxer-webm: aa71ff27fc2769a1b78a27578f13a17b -> 
  custom:video-decoder-webm-vp8: 9c59270c3fd7afecdb556c50c9e8de78 -> 
  custom:SearchIndexIgnoredProperties: e643bd26f0fe6173181afceb89e7c659 -> 
  custom:AudioImporter_EditorPlatform: d09bf68614088b80899f8185d706f6e7 -> 
  custom:video-encoder-webm-vp8: eb34c28f22e8b96e1ab97ce403110664 -> 
  custom:audio-decoder-ogg-vorbis: bf7c407c2cedff20999df2af8eb42d56 -> 
  custom:audio-encoder-webm-vorbis: bf7c407c2cedff20999df2af8eb42d56 -> 
========================================================================
Received Import Request.
  Time since last request: 61269.854528 seconds.
  path: Assets/Mirror/Examples/MultipleAdditiveScenes/Materials/Physics/Player.physicMaterial
  artifactKey: Guid(2debad4ac21a6644faf4fc93bd5b5869) Importer(2089858483,0ecaa5967403d082aa24f35e1b516d23)
Start importing Assets/Mirror/Examples/MultipleAdditiveScenes/Materials/Physics/Player.physicMaterial using Guid(2debad4ac21a6644faf4fc93bd5b5869) Importer(2089858483,0ecaa5967403d082aa24f35e1b516d23)  -> (artifact id: '7504a50efd64775505ef923cfdded612') in 0.133903 seconds
Number of updated asset objects reloaded before import = 0
Number of asset objects unloaded after import = 1
========================================================================
Received Import Request.
  Time since last request: 0.000038 seconds.
  path: Assets/Mirror/Examples/MultipleAdditiveScenes/Models/Icosphere/Icosphere.obj
  artifactKey: Guid(1fe56a0e685b8434ebfeb53c69b59a5e) Importer(2089858483,0ecaa5967403d082aa24f35e1b516d23)
Start importing Assets/Mirror/Examples/MultipleAdditiveScenes/Models/Icosphere/Icosphere.obj using Guid(1fe56a0e685b8434ebfeb53c69b59a5e) Importer(2089858483,0ecaa5967403d082aa24f35e1b516d23)  -> (artifact id: '7d21cec0432af226c0fe379135079f87') in 0.084355 seconds
Number of updated asset objects reloaded before import = 0
Number of asset objects unloaded after import = 10
========================================================================
Received Import Request.
  Time since last request: 0.000025 seconds.
  path: Assets/Mirror/Transports/KCP/kcp2k/highlevel/Extensions.cs
  artifactKey: Guid(c0649195e5ba4fcf8e0e1231fee7d5f6) Importer(2089858483,0ecaa5967403d082aa24f35e1b516d23)
Start importing Assets/Mirror/Transports/KCP/kcp2k/highlevel/Extensions.cs using Guid(c0649195e5ba4fcf8e0e1231fee7d5f6) Importer(2089858483,0ecaa5967403d082aa24f35e1b516d23)  -> (artifact id: '095cfcdab2c139356267369892e18948') in 0.013400 seconds
Number of updated asset objects reloaded before import = 0
Number of asset objects unloaded after import = 1
========================================================================
Received Import Request.
  Time since last request: 0.000023 seconds.
  path: Assets/Mirror/Transports/SimpleWeb/SimpleWeb/Client/SimpleWebClient.cs
  artifactKey: Guid(13131761a0bf5a64dadeccd700fe26e5) Importer(2089858483,0ecaa5967403d082aa24f35e1b516d23)
Start importing Assets/Mirror/Transports/SimpleWeb/SimpleWeb/Client/SimpleWebClient.cs using Guid(13131761a0bf5a64dadeccd700fe26e5) Importer(2089858483,0ecaa5967403d082aa24f35e1b516d23)  -> (artifact id: '1115b967338eae05cbad256c616f94b0') in 0.013728 seconds
Number of updated asset objects reloaded before import = 0
Number of asset objects unloaded after import = 1
========================================================================
Received Import Request.
  Time since last request: 0.000030 seconds.
  path: Assets/Mirror/Transports/SimpleWeb/SimpleWeb/Common/ReadHelper.cs
  artifactKey: Guid(9f4fa5d324e708c46a55810a97de75bc) Importer(2089858483,0ecaa5967403d082aa24f35e1b516d23)
Start importing Assets/Mirror/Transports/SimpleWeb/SimpleWeb/Common/ReadHelper.cs using Guid(9f4fa5d324e708c46a55810a97de75bc) Importer(2089858483,0ecaa5967403d082aa24f35e1b516d23)  -> (artifact id: '04172b89de0e7337bad6b7cc90fde841') in 0.014789 seconds
Number of updated asset objects reloaded before import = 0
Number of asset objects unloaded after import = 1
========================================================================
Received Import Request.
  Time since last request: 0.000031 seconds.
  path: Assets/Mirror/Transports/KCP/kcp2k/highlevel/Common.cs
  artifactKey: Guid(9ced451c2954435f88cf718bcba020cb) Importer(2089858483,0ecaa5967403d082aa24f35e1b516d23)
Start importing Assets/Mirror/Transports/KCP/kcp2k/highlevel/Common.cs using Guid(9ced451c2954435f88cf718bcba020cb) Importer(2089858483,0ecaa5967403d082aa24f35e1b516d23)  -> (artifact id: '926992bde75f55b52b6a02634e102646') in 0.013284 seconds
Number of updated asset objects reloaded before import = 0
Number of asset objects unloaded after import = 1
========================================================================
Received Import Request.
  Time since last request: 0.000047 seconds.
  path: Assets/Mirror/Transports/Telepathy/Telepathy/VERSION
  artifactKey: Guid(d942af06608be434dbeeaa58207d20bd) Importer(2089858483,0ecaa5967403d082aa24f35e1b516d23)
Start importing Assets/Mirror/Transports/Telepathy/Telepathy/VERSION using Guid(d942af06608be434dbeeaa58207d20bd) Importer(2089858483,0ecaa5967403d082aa24f35e1b516d23)  -> (artifact id: 'e71660747a36816baf754881cc1df84b') in 0.012055 seconds
Number of updated asset objects reloaded before import = 0
Number of asset objects unloaded after import = 1
========================================================================
Received Import Request.
  Time since last request: 0.000056 seconds.
  path: Assets/Mirror/Transports/KCP/kcp2k/highlevel/KcpHeader.cs
  artifactKey: Guid(91b5edac31224a49bd76f960ae018942) Importer(2089858483,0ecaa5967403d082aa24f35e1b516d23)
Start importing Assets/Mirror/Transports/KCP/kcp2k/highlevel/KcpHeader.cs using Guid(91b5edac31224a49bd76f960ae018942) Importer(2089858483,0ecaa5967403d082aa24f35e1b516d23)  -> (artifact id: '1596a3464f44dcda3b5bc3237aba9d28') in 0.013533 seconds
Number of updated asset objects reloaded before import = 0
Number of asset objects unloaded after import = 1
========================================================================
Received Import Request.
  Time since last request: 0.000023 seconds.
  path: Assets/Mirror/Examples/Tanks/Models/(Public Domain) Recon_Tank/Recon_Tank - License.txt
  artifactKey: Guid(6e745106dbbc3412bbe43eaf25dabd4f) Importer(2089858483,0ecaa5967403d082aa24f35e1b516d23)
Start importing Assets/Mirror/Examples/Tanks/Models/(Public Domain) Recon_Tank/Recon_Tank - License.txt using Guid(6e745106dbbc3412bbe43eaf25dabd4f) Importer(2089858483,0ecaa5967403d082aa24f35e1b516d23)  -> (artifact id: 'c336193a29dde1a2d93242255b49c10b') in 0.012146 seconds
Number of updated asset objects reloaded before import = 0
Number of asset objects unloaded after import = 1
========================================================================
Received Import Request.
  Time since last request: 0.000034 seconds.
  path: Assets/Mirror/Examples/Pong/Prefabs/Racket.prefab
  artifactKey: Guid(b1651eaf8c7564a1c86031dfbb8a7b28) Importer(2089858483,0ecaa5967403d082aa24f35e1b516d23)
Start importing Assets/Mirror/Examples/Pong/Prefabs/Racket.prefab using Guid(b1651eaf8c7564a1c86031dfbb8a7b28) Importer(2089858483,0ecaa5967403d082aa24f35e1b516d23)  -> (artifact id: 'dde32433f26ebf6c6d5c162cea8f7320') in 0.069046 seconds
Number of updated asset objects reloaded before import = 0
Number of asset objects unloaded after import = 12
========================================================================
Received Import Request.
  Time since last request: 0.000026 seconds.
  path: Assets/Mirror/Transports/KCP/kcp2k/highlevel/KcpPeer.cs
  artifactKey: Guid(3915c7c62b72d4dc2a9e4e76c94fc484) Importer(2089858483,0ecaa5967403d082aa24f35e1b516d23)
Start importing Assets/Mirror/Transports/KCP/kcp2k/highlevel/KcpPeer.cs using Guid(3915c7c62b72d4dc2a9e4e76c94fc484) Importer(2089858483,0ecaa5967403d082aa24f35e1b516d23)  -> (artifact id: 'b1269ff26f02c7e964584ddb727d3037') in 0.014181 seconds
Number of updated asset objects reloaded before import = 0
Number of asset objects unloaded after import = 1
========================================================================
Received Import Request.
  Time since last request: 0.000041 seconds.
  path: Assets/Mirror/Examples/MultipleAdditiveScenes/Materials/Render/Prize.mat
  artifactKey: Guid(2becd2014627a774e9e8f668f281f1d2) Importer(2089858483,0ecaa5967403d082aa24f35e1b516d23)
Start importing Assets/Mirror/Examples/MultipleAdditiveScenes/Materials/Render/Prize.mat using Guid(2becd2014627a774e9e8f668f281f1d2) Importer(2089858483,0ecaa5967403d082aa24f35e1b516d23)  -> (artifact id: '91d816a618d25da1adfb4ad5c6499ef4') in 0.016882 seconds
Number of updated asset objects reloaded before import = 0
Number of asset objects unloaded after import = 1
========================================================================
Received Import Request.
  Time since last request: 0.000028 seconds.
  path: Assets/Mirror/Examples/AdditiveScenes/Scripts/PlayerController.cs
  artifactKey: Guid(e8f68561248aaca4fb96847ce24742ee) Importer(2089858483,0ecaa5967403d082aa24f35e1b516d23)
Start importing Assets/Mirror/Examples/AdditiveScenes/Scripts/PlayerController.cs using Guid(e8f68561248aaca4fb96847ce24742ee) Importer(2089858483,0ecaa5967403d082aa24f35e1b516d23)  -> (artifact id: '3bbb94f968b5400e45ed41d779805eb8') in 0.016693 seconds
Number of updated asset objects reloaded before import = 0
Number of asset objects unloaded after import = 1
========================================================================
Received Import Request.
  Time since last request: 0.000025 seconds.
  path: Assets/Mirror/Transports/Telepathy/Telepathy/ConnectionState.cs
  artifactKey: Guid(af95e2b6f6343411aa8bdf871abd7b1b) Importer(2089858483,0ecaa5967403d082aa24f35e1b516d23)
Start importing Assets/Mirror/Transports/Telepathy/Telepathy/ConnectionState.cs using Guid(af95e2b6f6343411aa8bdf871abd7b1b) Importer(2089858483,0ecaa5967403d082aa24f35e1b516d23)  -> (artifact id: 'dabcf550f33b515820f5e1d7a07fdd36') in 0.013662 seconds
Number of updated asset objects reloaded before import = 0
Number of asset objects unloaded after import = 1
========================================================================
Received Import Request.
  Time since last request: 0.000029 seconds.
  path: Assets/Mirror/Examples/Tanks/Scripts/Tank.cs
  artifactKey: Guid(7deadf756194d461e9140e42d651693b) Importer(2089858483,0ecaa5967403d082aa24f35e1b516d23)
Start importing Assets/Mirror/Examples/Tanks/Scripts/Tank.cs using Guid(7deadf756194d461e9140e42d651693b) Importer(2089858483,0ecaa5967403d082aa24f35e1b516d23)  -> (artifact id: 'f728f4a4ab8612ac0cb965d41ad0dff5') in 0.013589 seconds
Number of updated asset objects reloaded before import = 0
Number of asset objects unloaded after import = 1
========================================================================
Received Import Request.
  Time since last request: 0.000033 seconds.
  path: Assets/Mirror/Examples/AdditiveScenes/Materials/Cube.mat
  artifactKey: Guid(1d5f3015968dad04780bf9d2113cc772) Importer(2089858483,0ecaa5967403d082aa24f35e1b516d23)
Start importing Assets/Mirror/Examples/AdditiveScenes/Materials/Cube.mat using Guid(1d5f3015968dad04780bf9d2113cc772) Importer(2089858483,0ecaa5967403d082aa24f35e1b516d23)  -> (artifact id: 'af552527d16b0775fd54eca01b4aaa2c') in 0.017503 seconds
Number of updated asset objects reloaded before import = 0
Number of asset objects unloaded after import = 1
========================================================================
Received Import Request.
  Time since last request: 0.000021 seconds.
  path: Assets/Mirror/Transports/SimpleWeb/SimpleWeb/Common/Request.cs
  artifactKey: Guid(50b41ad63d4956a42a073bad5158fe09) Importer(2089858483,0ecaa5967403d082aa24f35e1b516d23)
Start importing Assets/Mirror/Transports/SimpleWeb/SimpleWeb/Common/Request.cs using Guid(50b41ad63d4956a42a073bad5158fe09) Importer(2089858483,0ecaa5967403d082aa24f35e1b516d23)  -> (artifact id: 'a4ce787a4d3a01fe56da7833f6c6db6f') in 0.015187 seconds
Number of updated asset objects reloaded before import = 0
Number of asset objects unloaded after import = 1
========================================================================
Received Import Request.
  Time since last request: 0.000046 seconds.
  path: Assets/Mirror/Examples/AdditiveLevels/Scenes/Online/ReflectionProbe-0.exr
  artifactKey: Guid(433b69cd38057f84bb82796761c1be49) Importer(2089858483,0ecaa5967403d082aa24f35e1b516d23)
Start importing Assets/Mirror/Examples/AdditiveLevels/Scenes/Online/ReflectionProbe-0.exr using Guid(433b69cd38057f84bb82796761c1be49) Importer(2089858483,0ecaa5967403d082aa24f35e1b516d23)  -> (artifact id: '74dfab9ec676e4a47b6bde15bbdeed29') in 0.064417 seconds
Number of updated asset objects reloaded before import = 0
Number of asset objects unloaded after import = 1
========================================================================
Received Import Request.
  Time since last request: 0.000064 seconds.
  path: Assets/Mirror/Transports/SimpleWeb/SimpleWeb/Client/StandAlone/ClientHandshake.cs
  artifactKey: Guid(3ffdcabc9e28f764a94fc4efc82d3e8b) Importer(2089858483,0ecaa5967403d082aa24f35e1b516d23)
Start importing Assets/Mirror/Transports/SimpleWeb/SimpleWeb/Client/StandAlone/ClientHandshake.cs using Guid(3ffdcabc9e28f764a94fc4efc82d3e8b) Importer(2089858483,0ecaa5967403d082aa24f35e1b516d23)  -> (artifact id: '55755890e44809000b9cc5899d30b11f') in 0.015615 seconds
Number of updated asset objects reloaded before import = 0
Number of asset objects unloaded after import = 1
========================================================================
Received Import Request.
  Time since last request: 0.000023 seconds.
  path: Assets/Mirror/Transports/SimpleWeb/SimpleWeb/Server/WebSocketServer.cs
  artifactKey: Guid(5c434db044777d2439bae5a57d4e8ee7) Importer(2089858483,0ecaa5967403d082aa24f35e1b516d23)
Start importing Assets/Mirror/Transports/SimpleWeb/SimpleWeb/Server/WebSocketServer.cs using Guid(5c434db044777d2439bae5a57d4e8ee7) Importer(2089858483,0ecaa5967403d082aa24f35e1b516d23)  -> (artifact id: '0f74f9c011448d1312340b526afacd47') in 0.014582 seconds
Number of updated asset objects reloaded before import = 0
Number of asset objects unloaded after import = 1
========================================================================
Received Import Request.
  Time since last request: 0.000056 seconds.
  path: Assets/Mirror/Transports/SimpleWeb/SimpleWeb/Client/StandAlone/ClientSslHelper.cs
  artifactKey: Guid(46055a75559a79849a750f39a766db61) Importer(2089858483,0ecaa5967403d082aa24f35e1b516d23)
Start importing Assets/Mirror/Transports/SimpleWeb/SimpleWeb/Client/StandAlone/ClientSslHelper.cs using Guid(46055a75559a79849a750f39a766db61) Importer(2089858483,0ecaa5967403d082aa24f35e1b516d23)  -> (artifact id: 'cbe04d461074d81ae09667e36d1d31c3') in 0.015205 seconds
Number of updated asset objects reloaded before import = 0
Number of asset objects unloaded after import = 1
========================================================================
Received Import Request.
  Time since last request: 0.000025 seconds.
  path: Assets/Barebones/Runtime/Networking/Scripts/Utils/Conversion/Endianness.cs
  artifactKey: Guid(432b454e09a51e1489c747729ca7dc4d) Importer(2089858483,0ecaa5967403d082aa24f35e1b516d23)
Start importing Assets/Barebones/Runtime/Networking/Scripts/Utils/Conversion/Endianness.cs using Guid(432b454e09a51e1489c747729ca7dc4d) Importer(2089858483,0ecaa5967403d082aa24f35e1b516d23)  -> (artifact id: '4cb6c87102f156fc46fb9fca83b79d12') in 0.013677 seconds
Number of updated asset objects reloaded before import = 0
Number of asset objects unloaded after import = 1
========================================================================
Received Import Request.
  Time since last request: 0.000040 seconds.
  path: Assets/Mirror/Examples/Tanks/Models/(Public Domain) Recon_Tank/Normal.png
  artifactKey: Guid(2617bfecca4d44805a3a51a7aa215d7c) Importer(2089858483,0ecaa5967403d082aa24f35e1b516d23)
Start importing Assets/Mirror/Examples/Tanks/Models/(Public Domain) Recon_Tank/Normal.png using Guid(2617bfecca4d44805a3a51a7aa215d7c) Importer(2089858483,0ecaa5967403d082aa24f35e1b516d23)  -> (artifact id: '319c221628c9a28736be38571be778e4') in 0.059253 seconds
Number of updated asset objects reloaded before import = 0
Number of asset objects unloaded after import = 1
========================================================================
Received Import Request.
  Time since last request: 0.000051 seconds.
  path: Assets/Mirror/Examples/TanksCoop/Materials/MaterialPlayer.mat
  artifactKey: Guid(737121007c45641d8ac681913d09bdfe) Importer(2089858483,0ecaa5967403d082aa24f35e1b516d23)
Start importing Assets/Mirror/Examples/TanksCoop/Materials/MaterialPlayer.mat using Guid(737121007c45641d8ac681913d09bdfe) Importer(2089858483,0ecaa5967403d082aa24f35e1b516d23)  -> (artifact id: '656dac2b1da72d2294df63c6275c771d') in 0.015184 seconds
Number of updated asset objects reloaded before import = 0
Number of asset objects unloaded after import = 1
========================================================================
Received Import Request.
  Time since last request: 0.000023 seconds.
  path: Assets/Mirror/Core/Empty/Cloud/ListServerBaseApi.cs
  artifactKey: Guid(b6838f9df45594d48873518cbb75b329) Importer(2089858483,0ecaa5967403d082aa24f35e1b516d23)
Start importing Assets/Mirror/Core/Empty/Cloud/ListServerBaseApi.cs using Guid(b6838f9df45594d48873518cbb75b329) Importer(2089858483,0ecaa5967403d082aa24f35e1b516d23)  -> (artifact id: '04fb1d11533ee8257906e903892fee52') in 0.012535 seconds
Number of updated asset objects reloaded before import = 0
Number of asset objects unloaded after import = 1
========================================================================
Received Import Request.
  Time since last request: 0.000048 seconds.
  path: Assets/Mirror/Core/Empty/Cloud/InstantiateNetworkManager.cs
  artifactKey: Guid(dbabb497385c20346a3c8bda4ae69508) Importer(2089858483,0ecaa5967403d082aa24f35e1b516d23)
Start importing Assets/Mirror/Core/Empty/Cloud/InstantiateNetworkManager.cs using Guid(dbabb497385c20346a3c8bda4ae69508) Importer(2089858483,0ecaa5967403d082aa24f35e1b516d23)  -> (artifact id: 'f4c35d72f7044abbd352ba1c72acba7a') in 0.014821 seconds
Number of updated asset objects reloaded before import = 0
Number of asset objects unloaded after import = 1
========================================================================
Received Import Request.
  Time since last request: 0.000064 seconds.
  path: Assets/Mirror/Core/Empty/Cloud/BallManager.cs
  artifactKey: Guid(9cc796972dc396a42ba3686bd952e329) Importer(2089858483,0ecaa5967403d082aa24f35e1b516d23)
Start importing Assets/Mirror/Core/Empty/Cloud/BallManager.cs using Guid(9cc796972dc396a42ba3686bd952e329) Importer(2089858483,0ecaa5967403d082aa24f35e1b516d23)  -> (artifact id: '3e5ec1b3be39a9530b12a561f5288d6b') in 0.012736 seconds
Number of updated asset objects reloaded before import = 0
Number of asset objects unloaded after import = 1
========================================================================
Received Import Request.
  Time since last request: 0.000051 seconds.
  path: Assets/Mirror/Core/Empty/Cloud/Player.cs
  artifactKey: Guid(2b6cfd54b79bb464dbc6ae7f331ed45f) Importer(2089858483,0ecaa5967403d082aa24f35e1b516d23)
Start importing Assets/Mirror/Core/Empty/Cloud/Player.cs using Guid(2b6cfd54b79bb464dbc6ae7f331ed45f) Importer(2089858483,0ecaa5967403d082aa24f35e1b516d23)  -> (artifact id: '1a6fe42abd3ba56cb71420ec216acf4b') in 0.012550 seconds
Number of updated asset objects reloaded before import = 0
Number of asset objects unloaded after import = 1
========================================================================
Received Import Request.
  Time since last request: 0.000063 seconds.
  path: Assets/Mirror/Editor/Weaver/EntryPointILPostProcessor/ILPostProcessorLogger.cs
  artifactKey: Guid(e7b56e7826664e34a415e4b70d958f2a) Importer(2089858483,0ecaa5967403d082aa24f35e1b516d23)
Start importing Assets/Mirror/Editor/Weaver/EntryPointILPostProcessor/ILPostProcessorLogger.cs using Guid(e7b56e7826664e34a415e4b70d958f2a) Importer(2089858483,0ecaa5967403d082aa24f35e1b516d23)  -> (artifact id: '2613a42f0e95ca3661a37ba9b306e59e') in 0.014705 seconds
Number of updated asset objects reloaded before import = 0
Number of asset objects unloaded after import = 1
========================================================================
Received Import Request.
  Time since last request: 0.000028 seconds.
  path: Assets/Mirror/Examples/Basic/Scripts/Player.cs
  artifactKey: Guid(a472ac3ae1701d149861871cf416a46d) Importer(2089858483,0ecaa5967403d082aa24f35e1b516d23)
Start importing Assets/Mirror/Examples/Basic/Scripts/Player.cs using Guid(a472ac3ae1701d149861871cf416a46d) Importer(2089858483,0ecaa5967403d082aa24f35e1b516d23)  -> (artifact id: '2d7628543258a810eb078bee031625ae') in 0.015735 seconds
Number of updated asset objects reloaded before import = 0
Number of asset objects unloaded after import = 1
========================================================================
Received Import Request.
  Time since last request: 0.000050 seconds.
  path: Assets/Mirror/Examples/Tanks/Scripts/FaceCamera.cs
  artifactKey: Guid(afa2d590c474413d9fc183551385ed85) Importer(2089858483,0ecaa5967403d082aa24f35e1b516d23)
Start importing Assets/Mirror/Examples/Tanks/Scripts/FaceCamera.cs using Guid(afa2d590c474413d9fc183551385ed85) Importer(2089858483,0ecaa5967403d082aa24f35e1b516d23)  -> (artifact id: '3b7ea433a7fd270be9bb6c6ce3c37dd1') in 0.013909 seconds
Number of updated asset objects reloaded before import = 0
Number of asset objects unloaded after import = 1
========================================================================
Received Import Request.
  Time since last request: 0.000019 seconds.
  path: Assets/Mirror/Examples/AdditiveLevels/Textures/Up_Tex.jpeg
  artifactKey: Guid(bd9ad886b003944169e7ce1286756940) Importer(2089858483,0ecaa5967403d082aa24f35e1b516d23)
Start importing Assets/Mirror/Examples/AdditiveLevels/Textures/Up_Tex.jpeg using Guid(bd9ad886b003944169e7ce1286756940) Importer(2089858483,0ecaa5967403d082aa24f35e1b516d23)  -> (artifact id: 'e2c65be23fdb23bda2b859eb41eac0f5') in 0.039439 seconds
Number of updated asset objects reloaded before import = 0
Number of asset objects unloaded after import = 1
========================================================================
Received Import Request.
  Time since last request: 0.000028 seconds.
  path: Assets/Mirror/Examples/AdditiveLevels/Materials/Portal.mat
  artifactKey: Guid(3500dce637708024da2f2e45e4f71cd3) Importer(2089858483,0ecaa5967403d082aa24f35e1b516d23)
Start importing Assets/Mirror/Examples/AdditiveLevels/Materials/Portal.mat using Guid(3500dce637708024da2f2e45e4f71cd3) Importer(2089858483,0ecaa5967403d082aa24f35e1b516d23)  -> (artifact id: '106c4f95418543e8a969c1a42e23eb25') in 0.056628 seconds
Number of updated asset objects reloaded before import = 0
Number of asset objects unloaded after import = 1
========================================================================
Received Import Request.
  Time since last request: 0.000036 seconds.
  path: Assets/Mirror/Examples/AdditiveScenes/Materials/Capsule.mat
  artifactKey: Guid(3ec90781e3720544da7fc86055e6cbe6) Importer(2089858483,0ecaa5967403d082aa24f35e1b516d23)
Start importing Assets/Mirror/Examples/AdditiveScenes/Materials/Capsule.mat using Guid(3ec90781e3720544da7fc86055e6cbe6) Importer(2089858483,0ecaa5967403d082aa24f35e1b516d23)  -> (artifact id: '9006e5323043b207672ca0be57762bb7') in 0.017746 seconds
Number of updated asset objects reloaded before import = 0
Number of asset objects unloaded after import = 1
Editor requested this worker to shutdown with reason: Scaling down because of idle timeout
TcpMessagingSession - receive error: operation aborted. errorcode: 995, details: The I/O operation has been aborted because of either a thread exit or an application request.
AssetImportWorker is now disconnected from the server
Process exiting
Exiting without the bug reporter. Application will terminate with return code 0