Using pre-set license
Built from 'master' branch; Version is '2020.3.36f1 (71f96b79b9f0) revision 7469419'; Using compiler version '192528614'; Build Type 'Release'
OS: 'Windows 10  (10.0.19044) 64bit Core' Language: 'en' Physical Memory: 32173 MB
BatchMode: 1, IsHumanControllingUs: 0, StartBugReporterOnCrash: 0, Is64bit: 1, IsPro: 0

COMMAND LINE ARGUMENTS:
C:\Program Files\Unity\Hub\Editor\2020.3.36f1\Editor\Unity.exe
-adb2
-batchMode
-noUpm
-name
AssetImportWorker0
-projectPath
C:/Users/salok/Documents/GitHub/Hololens-Development/Hololens/Hololens 2 - Phone Tracker 2020
-logFile
Logs/AssetImportWorker0.log
-srvPort
59420
Successfully changed project path to: C:/Users/salok/Documents/GitHub/Hololens-Development/Hololens/Hololens 2 - Phone Tracker 2020
C:/Users/salok/Documents/GitHub/Hololens-Development/Hololens/Hololens 2 - Phone Tracker 2020
Using Asset Import Pipeline V2.
Refreshing native plugins compatible for Editor in 164.09 ms, found 23 plugins.
Preloading 2 native plugins for Editor in 3.60 ms.
Initialize engine version: 2020.3.36f1 (71f96b79b9f0)
[Subsystems] Discovering subsystems at path C:/Program Files/Unity/Hub/Editor/2020.3.36f1/Editor/Data/Resources/UnitySubsystems
[Subsystems] Discovering subsystems at path C:/Users/salok/Documents/GitHub/Hololens-Development/Hololens/Hololens 2 - Phone Tracker 2020/Assets
GfxDevice: creating device client; threaded=0
Direct3D:
    Version:  Direct3D 11.0 [level 11.1]
    Renderer: NVIDIA GeForce RTX 2060 (ID=0x1f15)
    Vendor:   
    VRAM:     5980 MB
    Driver:   30.0.15.1289
Initialize mono
Mono path[0] = 'C:/Program Files/Unity/Hub/Editor/2020.3.36f1/Editor/Data/Managed'
Mono path[1] = 'C:/Program Files/Unity/Hub/Editor/2020.3.36f1/Editor/Data/MonoBleedingEdge/lib/mono/unityjit'
Mono config path = 'C:/Program Files/Unity/Hub/Editor/2020.3.36f1/Editor/Data/MonoBleedingEdge/etc'
Using monoOptions --debugger-agent=transport=dt_socket,embedding=1,server=y,suspend=n,address=127.0.0.1:56728
Begin MonoManager ReloadAssembly
Registering precompiled unity dll's ...
Register platform support module: C:/Program Files/Unity/Hub/Editor/2020.3.36f1/Editor/Data/PlaybackEngines/WindowsStandaloneSupport/UnityEditor.WindowsStandalone.Extensions.dll
Registered in 0.002257 seconds.
Native extension for WindowsStandalone target not found
Refreshing native plugins compatible for Editor in 134.29 ms, found 23 plugins.
Preloading 2 native plugins for Editor in 0.15 ms.
Mono: successfully reloaded assembly
- Completed reload, in  0.788 seconds
Domain Reload Profiling:
	ReloadAssembly (788ms)
		BeginReloadAssembly (71ms)
			ExecutionOrderSort (0ms)
			DisableScriptedObjects (0ms)
			BackupInstance (0ms)
			ReleaseScriptingObjects (0ms)
			CreateAndSetChildDomain (1ms)
		EndReloadAssembly (631ms)
			LoadAssemblies (68ms)
			RebuildTransferFunctionScriptingTraits (0ms)
			SetupTypeCache (175ms)
			ReleaseScriptCaches (0ms)
			RebuildScriptCaches (35ms)
			SetupLoadedEditorAssemblies (283ms)
				LogAssemblyErrors (0ms)
				InitializePlatformSupportModulesInManaged (5ms)
				SetLoadedEditorAssemblies (0ms)
				RefreshPlugins (135ms)
				BeforeProcessingInitializeOnLoad (15ms)
				ProcessInitializeOnLoadAttributes (95ms)
				ProcessInitializeOnLoadMethodAttributes (32ms)
				AfterProcessingInitializeOnLoad (0ms)
				EditorAssembliesLoaded (0ms)
			ExecutionOrderSort2 (0ms)
			AwakeInstancesAfterBackupRestoration (0ms)
Platform modules already initialized, skipping
Registering precompiled user dll's ...
Registered in 0.026976 seconds.
Begin MonoManager ReloadAssembly
Native extension for WindowsStandalone target not found
Refreshing native plugins compatible for Editor in 132.79 ms, found 23 plugins.
Preloading 2 native plugins for Editor in 0.16 ms.
DisplayProgressbar: Restoring NuGet Packages
System.NullReferenceException: Object reference not set to an instance of an object
  at Vuforia.EditorClasses.ExtensionTypeProvider.GetVuforiaPackageAbsPath () [0x0004a] in <fa936954903d455ab607cdebc0675fa6>:0 
  at Vuforia.EditorClasses.ExtensionTypeProvider.IsPackageManager () [0x00000] in <fa936954903d455ab607cdebc0675fa6>:0 
  at Vuforia.EditorClasses.ExtensionTypeProvider.ResolvePluginType () [0x00009] in <fa936954903d455ab607cdebc0675fa6>:0 
  at Vuforia.EditorClasses.ExtensionTypeProvider.GetPluginType () [0x0000c] in <fa936954903d455ab607cdebc0675fa6>:0 
  at Vuforia.EditorClasses.VuforiaUtilities.IsVuforiaEnabledInPlayerSettings () [0x00000] in <fa936954903d455ab607cdebc0675fa6>:0 
  at VuforiaEnabledObserver..cctor () [0x00000] in <fa936954903d455ab607cdebc0675fa6>:0 
UnityEngine.StackTraceUtility:ExtractStackTrace ()
UnityEngine.DebugLogHandler:LogFormat (UnityEngine.LogType,UnityEngine.Object,string,object[])
UnityEngine.Logger:Log (UnityEngine.LogType,object)
UnityEngine.Debug:LogError (object)
UnityEditor.EditorAssemblies:ProcessInitializeOnLoadAttributes (System.Type[])

System.NullReferenceException: Object reference not set to an instance of an object
  at Vuforia.EditorClasses.ExtensionTypeProvider.GetVuforiaPackageAbsPath () [0x0004a] in <fa936954903d455ab607cdebc0675fa6>:0 
  at Vuforia.EditorClasses.ExtensionTypeProvider.IsPackageManager () [0x00000] in <fa936954903d455ab607cdebc0675fa6>:0 
  at Vuforia.EditorClasses.ExtensionTypeProvider.ResolvePluginType () [0x00009] in <fa936954903d455ab607cdebc0675fa6>:0 
  at Vuforia.EditorClasses.ExtensionTypeProvider.GetPluginType () [0x0000c] in <fa936954903d455ab607cdebc0675fa6>:0 
  at Vuforia.EditorClasses.VuforiaUtilities.IsVuforiaEnabledInPlayerSettings () [0x00000] in <fa936954903d455ab607cdebc0675fa6>:0 
  at Vuforia.EditorClasses.InitializeOnLoadVuforiaTaskRunner..cctor () [0x00015] in <fa936954903d455ab607cdebc0675fa6>:0 
UnityEngine.StackTraceUtility:ExtractStackTrace ()
UnityEngine.DebugLogHandler:LogFormat (UnityEngine.LogType,UnityEngine.Object,string,object[])
UnityEngine.Logger:Log (UnityEngine.LogType,object)
UnityEngine.Debug:LogError (object)
UnityEditor.EditorAssemblies:ProcessInitializeOnLoadAttributes (System.Type[])

Added DLL directory C:\Users\salok\Documents\GitHub\Hololens-Development\Hololens\Hololens 2 - Phone Tracker 2020\Assets\Packages\Microsoft.Windows.MixedReality.DotNetWinRT.0.5.1049\Unity\x64 to the user search path.
UnityEngine.StackTraceUtility:ExtractStackTrace ()
UnityEngine.DebugLogHandler:LogFormat (UnityEngine.LogType,UnityEngine.Object,string,object[])
UnityEngine.Logger:Log (UnityEngine.LogType,object)
UnityEngine.Debug:Log (object)
Microsoft.Windows.MixedReality.DotNetWinRT.Init:.cctor () (at Assets/Packages/Microsoft.Windows.MixedReality.DotNetWinRT.0.5.1049/Unity/Editor/Microsoft.Windows.MixedReality.DotNetWinRT.Init.cs:56)
System.Runtime.CompilerServices.RuntimeHelpers:RunClassConstructor (System.RuntimeTypeHandle)
UnityEditor.EditorAssemblies:ProcessInitializeOnLoadAttributes (System.Type[])

(Filename: Assets/Packages/Microsoft.Windows.MixedReality.DotNetWinRT.0.5.1049/Unity/Editor/Microsoft.Windows.MixedReality.DotNetWinRT.Init.cs Line: 56)

Added DLL directory C:\Users\salok\Documents\GitHub\Hololens-Development\Hololens\Hololens 2 - Phone Tracker 2020\Assets\Packages\Microsoft.VCRTForwarders.140.1.0.5\Unity\x64 to the user search path.
UnityEngine.StackTraceUtility:ExtractStackTrace ()
UnityEngine.DebugLogHandler:LogFormat (UnityEngine.LogType,UnityEngine.Object,string,object[])
UnityEngine.Logger:Log (UnityEngine.LogType,object)
UnityEngine.Debug:Log (object)
InitVCRTForwarders:.cctor () (at Assets/Packages/Microsoft.VCRTForwarders.140.1.0.5/Unity/Editor/InitVCRTForwarders.cs:53)
System.Runtime.CompilerServices.RuntimeHelpers:RunClassConstructor (System.RuntimeTypeHandle)
UnityEditor.EditorAssemblies:ProcessInitializeOnLoadAttributes (System.Type[])

(Filename: Assets/Packages/Microsoft.VCRTForwarders.140.1.0.5/Unity/Editor/InitVCRTForwarders.cs Line: 53)

Added DLL directory C:\Users\salok\Documents\GitHub\Hololens-Development\Hololens\Hololens 2 - Phone Tracker 2020\Assets\Packages\Microsoft.MixedReality.QR.0.5.3013\Unity\x64 to the user search path.
UnityEngine.StackTraceUtility:ExtractStackTrace ()
UnityEngine.DebugLogHandler:LogFormat (UnityEngine.LogType,UnityEngine.Object,string,object[])
UnityEngine.Logger:Log (UnityEngine.LogType,object)
UnityEngine.Debug:Log (object)
Microsoft.MixedReality.QR.Init:.cctor () (at Assets/Packages/Microsoft.MixedReality.QR.0.5.3013/Unity/Editor/Microsoft.MixedReality.QR.Init.cs:60)
System.Runtime.CompilerServices.RuntimeHelpers:RunClassConstructor (System.RuntimeTypeHandle)
UnityEditor.EditorAssemblies:ProcessInitializeOnLoadAttributes (System.Type[])

(Filename: Assets/Packages/Microsoft.MixedReality.QR.0.5.3013/Unity/Editor/Microsoft.MixedReality.QR.Init.cs Line: 60)

System.IO.DirectoryNotFoundException: Could not find a part of the path 'C:\Users\salok\Documents\GitHub\Hololens-Development\Hololens\Hololens 2 - Phone Tracker 2020\Library\PackageCache\com.microsoft.mixedreality.toolkit.foundation@251fc689f36f\SDK\StandardAssets\Controllers\Visuals\Models\generic-controller'.
  at System.IO.__Error.WinIOError (System.Int32 errorCode, System.String maybeFullPath) [0x000f7] in <695d1cc93cca45069c528c15c9fdd749>:0 
  at System.IO.FileSystemEnumerableIterator`1[TSource].HandleError (System.Int32 hr, System.String path) [0x00006] in <695d1cc93cca45069c528c15c9fdd749>:0 
  at System.IO.FileSystemEnumerableIterator`1[TSource].CommonInit () [0x00054] in <695d1cc93cca45069c528c15c9fdd749>:0 
  at System.IO.FileSystemEnumerableIterator`1[TSource]..ctor (System.String path, System.String originalUserPath, System.String searchPattern, System.IO.SearchOption searchOption, System.IO.SearchResultHandler`1[TSource] resultHandler, System.Boolean checkHost) [0x000d6] in <695d1cc93cca45069c528c15c9fdd749>:0 
  at System.IO.FileSystemEnumerableFactory.CreateFileNameIterator (System.String path, System.String originalUserPath, System.String searchPattern, System.Boolean includeFiles, System.Boolean includeDirs, System.IO.SearchOption searchOption, System.Boolean checkHost) [0x00009] in <695d1cc93cca45069c528c15c9fdd749>:0 
  at System.IO.Directory.InternalGetFileDirectoryNames (System.String path, System.String userPathOriginal, System.String searchPattern, System.Boolean includeFiles, System.Boolean includeDirs, System.IO.SearchOption searchOption, System.Boolean checkHost) [0x00000] in <695d1cc93cca45069c528c15c9fdd749>:0 
  at System.IO.Directory.InternalGetFiles (System.String path, System.String searchPattern, System.IO.SearchOption searchOption) [0x00000] in <695d1cc93cca45069c528c15c9fdd749>:0 
  at System.IO.Directory.GetFiles (System.String path, System.String searchPattern) [0x0001c] in <695d1cc93cca45069c528c15c9fdd749>:0 
  at System.IO.DirectoryInfo.GetFiles (System.String searchPattern) [0x0000e] in <695d1cc93cca45069c528c15c9fdd749>:0 
  at System.IO.DirectoryInfo.GetFilesSubdirs (System.Collections.ArrayList l, System.String pattern) [0x00002] in <695d1cc93cca45069c528c15c9fdd749>:0 
  at (wrapper remoting-invoke-with-check) System.IO.DirectoryInfo.GetFilesSubdirs(System.Collections.ArrayList,string)
  at System.IO.DirectoryInfo.GetFilesSubdirs (System.Collections.ArrayList l, System.String pattern) [0x0002f] in <695d1cc93cca45069c528c15c9fdd749>:0 
  at (wrapper remoting-invoke-with-check) System.IO.DirectoryInfo.GetFilesSubdirs(System.Collections.ArrayList,string)
  at System.IO.DirectoryInfo.GetFilesSubdirs (System.Collections.ArrayList l, System.String pattern) [0x0002f] in <695d1cc93cca45069c528c15c9fdd749>:0 
  at (wrapper remoting-invoke-with-check) System.IO.DirectoryInfo.GetFilesSubdirs(System.Collections.ArrayList,string)
  at System.IO.DirectoryInfo.GetFilesSubdirs (System.Collections.ArrayList l, System.String pattern) [0x0002f] in <695d1cc93cca45069c528c15c9fdd749>:0 
  at (wrapper remoting-invoke-with-check) System.IO.DirectoryInfo.GetFilesSubdirs(System.Collections.ArrayList,string)
  at System.IO.DirectoryInfo.GetFilesSubdirs (System.Collections.ArrayList l, System.String pattern) [0x0002f] in <695d1cc93cca45069c528c15c9fdd749>:0 
  at (wrapper remoting-invoke-with-check) System.IO.DirectoryInfo.GetFilesSubdirs(System.Collections.ArrayList,string)
  at System.IO.DirectoryInfo.GetFilesSubdirs (System.Collections.ArrayList l, System.String pattern) [0x0002f] in <695d1cc93cca45069c528c15c9fdd749>:0 
  at (wrapper remoting-invoke-with-check) System.IO.DirectoryInfo.GetFilesSubdirs(System.Collections.ArrayList,string)
  at System.IO.DirectoryInfo.GetFilesSubdirs (System.Collections.ArrayList l, System.String pattern) [0x0002f] in <695d1cc93cca45069c528c15c9fdd749>:0 
  at (wrapper remoting-invoke-with-check) System.IO.DirectoryInfo.GetFilesSubdirs(System.Collections.ArrayList,string)
  at System.IO.DirectoryInfo.GetFilesSubdirs (System.Collections.ArrayList l, System.String pattern) [0x0002f] in <695d1cc93cca45069c528c15c9fdd749>:0 
  at System.IO.DirectoryInfo.GetFiles (System.String searchPattern, System.IO.SearchOption searchOption) [0x00017] in <695d1cc93cca45069c528c15c9fdd749>:0 
  at (wrapper remoting-invoke-with-check) System.IO.DirectoryInfo.GetFiles(string,System.IO.SearchOption)
  at Microsoft.MixedReality.Toolkit.Utilities.Editor.OnLoadUtilities.FindShaderFolderInPackage () [0x0004c] in C:\Users\salok\Documents\GitHub\Hololens-Development\Hololens\Hololens 2 - Phone Tracker 2020\Library\PackageCache\com.microsoft.mixedreality.toolkit.standardassets@fcc2d8083af4\EditorUtilities\OnLoadUtilities.cs:152 
  at Microsoft.MixedReality.Toolkit.Utilities.Editor.OnLoadUtilities.EnsureShaders (System.Boolean bypassIgnore) [0x00000] in C:\Users\salok\Documents\GitHub\Hololens-Development\Hololens\Hololens 2 - Phone Tracker 2020\Library\PackageCache\com.microsoft.mixedreality.toolkit.standardassets@fcc2d8083af4\EditorUtilities\OnLoadUtilities.cs:42 
  at Microsoft.MixedReality.Toolkit.Utilities.Editor.OnLoadUtilities..cctor () [0x00000] in C:\Users\salok\Documents\GitHub\Hololens-Development\Hololens\Hololens 2 - Phone Tracker 2020\Library\PackageCache\com.microsoft.mixedreality.toolkit.standardassets@fcc2d8083af4\EditorUtilities\OnLoadUtilities.cs:23 
UnityEngine.StackTraceUtility:ExtractStackTrace ()
UnityEngine.DebugLogHandler:LogFormat (UnityEngine.LogType,UnityEngine.Object,string,object[])
UnityEngine.Logger:Log (UnityEngine.LogType,object)
UnityEngine.Debug:LogError (object)
UnityEditor.EditorAssemblies:ProcessInitializeOnLoadAttributes (System.Type[])

Mono: successfully reloaded assembly
- Completed reload, in  2.889 seconds
Domain Reload Profiling:
	ReloadAssembly (2891ms)
		BeginReloadAssembly (178ms)
			ExecutionOrderSort (0ms)
			DisableScriptedObjects (5ms)
			BackupInstance (0ms)
			ReleaseScriptingObjects (0ms)
			CreateAndSetChildDomain (22ms)
		EndReloadAssembly (2633ms)
			LoadAssemblies (151ms)
			RebuildTransferFunctionScriptingTraits (0ms)
			SetupTypeCache (473ms)
			ReleaseScriptCaches (1ms)
			RebuildScriptCaches (105ms)
			SetupLoadedEditorAssemblies (1743ms)
				LogAssemblyErrors (0ms)
				InitializePlatformSupportModulesInManaged (4ms)
				SetLoadedEditorAssemblies (0ms)
				RefreshPlugins (133ms)
				BeforeProcessingInitializeOnLoad (169ms)
				ProcessInitializeOnLoadAttributes (1397ms)
				ProcessInitializeOnLoadMethodAttributes (32ms)
				AfterProcessingInitializeOnLoad (8ms)
				EditorAssembliesLoaded (0ms)
			ExecutionOrderSort2 (0ms)
			AwakeInstancesAfterBackupRestoration (2ms)
Platform modules already initialized, skipping
========================================================================
Worker process is ready to serve import requests
Launched and connected shader compiler UnityShaderCompiler.exe after 0.05 seconds
Refreshing native plugins compatible for Editor in 2.11 ms, found 23 plugins.
Preloading 2 native plugins for Editor in 0.20 ms.
Unloading 4603 Unused Serialized files (Serialized files now loaded: 0)
System memory in use before: 181.0 MB.
System memory in use after: 181.2 MB.

Unloading 102 unused Assets to reduce memory usage. Loaded Objects now: 5293.
Total: 6.131600 ms (FindLiveObjects: 0.499900 ms CreateObjectMapping: 0.175200 ms MarkObjects: 5.307600 ms  DeleteObjects: 0.146800 ms)

AssetImportParameters requested are different than current active one (requested -> active):
  custom:framework-win-MediaFoundation: 216162199b28c13a410421893ffa2e32 -> 
  custom:video-decoder-ogg-theora: a1e56fd34408186e4bbccfd4996cb3dc -> 
  custom:container-muxer-webm: aa71ff27fc2769a1b78a27578f13a17b -> 
  custom:container-demuxer-webm: 4f35f7cbe854078d1ac9338744f61a02 -> 
  custom:container-demuxer-ogg: 62fdf1f143b41e24485cea50d1cbac27 -> 
  custom:video-encoder-webm-vp8: eb34c28f22e8b96e1ab97ce403110664 -> 
  custom:video-decoder-webm-vp8: 9c59270c3fd7afecdb556c50c9e8de78 -> 
  custom:audio-decoder-ogg-vorbis: bf7c407c2cedff20999df2af8eb42d56 -> 
  custom:audio-encoder-webm-vorbis: bf7c407c2cedff20999df2af8eb42d56 -> 
========================================================================
Received Import Request.
  path: Assets/ArUCO Markers/Scenes/hmd 1.unity
  artifactKey: Guid(0d6a6ae25ae1a1e42a2c476bd742fe9f) Importer(815301076,1909f56bfc062723c751e8b465ee728b)
Start importing Assets/ArUCO Markers/Scenes/hmd 1.unity using Guid(0d6a6ae25ae1a1e42a2c476bd742fe9f) Importer(815301076,1909f56bfc062723c751e8b465ee728b)  -> (artifact id: '6cf65736459b7b50af92c9f8ed692fff') in 0.014297 seconds 
========================================================================
Received Import Request.
  Time since last request: 3.724260 seconds.
  path: Assets/ArUCO Markers/Scenes/hmd 1.unity
  artifactKey: Guid(0d6a6ae25ae1a1e42a2c476bd742fe9f) Importer(815301076,1909f56bfc062723c751e8b465ee728b)
Start importing Assets/ArUCO Markers/Scenes/hmd 1.unity using Guid(0d6a6ae25ae1a1e42a2c476bd742fe9f) Importer(815301076,1909f56bfc062723c751e8b465ee728b)  -> (artifact id: '057ba4fef9769a0d7e48bc1d0acb32f8') in 0.003458 seconds 
========================================================================
Received Import Request.
  Time since last request: 4.915544 seconds.
  path: Assets/ArUCO Markers/Scenes/hmd test.unity
  artifactKey: Guid(0d6a6ae25ae1a1e42a2c476bd742fe9f) Importer(815301076,1909f56bfc062723c751e8b465ee728b)
Start importing Assets/ArUCO Markers/Scenes/hmd test.unity using Guid(0d6a6ae25ae1a1e42a2c476bd742fe9f) Importer(815301076,1909f56bfc062723c751e8b465ee728b)  -> (artifact id: '95b4b7b61189da18fe4ecce964335f75') in 0.008547 seconds 
========================================================================
Received Prepare
Refreshing native plugins compatible for Editor in 32.34 ms, found 23 plugins.
Preloading 2 native plugins for Editor in 0.13 ms.
Unloading 93 Unused Serialized files (Serialized files now loaded: 0)
System memory in use before: 85.7 MB.
System memory in use after: 85.9 MB.

Unloading 92 unused Assets to reduce memory usage. Loaded Objects now: 5293.
Total: 6.367900 ms (FindLiveObjects: 0.652100 ms CreateObjectMapping: 0.321700 ms MarkObjects: 5.310700 ms  DeleteObjects: 0.081800 ms)

AssetImportParameters requested are different than current active one (requested -> active):
  custom:framework-win-MediaFoundation: 216162199b28c13a410421893ffa2e32 -> 
  custom:video-decoder-ogg-theora: a1e56fd34408186e4bbccfd4996cb3dc -> 
  custom:container-muxer-webm: aa71ff27fc2769a1b78a27578f13a17b -> 
  custom:container-demuxer-webm: 4f35f7cbe854078d1ac9338744f61a02 -> 
  custom:container-demuxer-ogg: 62fdf1f143b41e24485cea50d1cbac27 -> 
  custom:video-encoder-webm-vp8: eb34c28f22e8b96e1ab97ce403110664 -> 
  custom:video-decoder-webm-vp8: 9c59270c3fd7afecdb556c50c9e8de78 -> 
  custom:audio-decoder-ogg-vorbis: bf7c407c2cedff20999df2af8eb42d56 -> 
  custom:audio-encoder-webm-vorbis: bf7c407c2cedff20999df2af8eb42d56 -> 
========================================================================
Received Prepare
Refreshing native plugins compatible for Editor in 33.15 ms, found 23 plugins.
Preloading 2 native plugins for Editor in 0.13 ms.
Unloading 93 Unused Serialized files (Serialized files now loaded: 0)
System memory in use before: 85.7 MB.
System memory in use after: 85.9 MB.

Unloading 92 unused Assets to reduce memory usage. Loaded Objects now: 5293.
Total: 5.948900 ms (FindLiveObjects: 0.437500 ms CreateObjectMapping: 0.178300 ms MarkObjects: 5.243100 ms  DeleteObjects: 0.088200 ms)

AssetImportParameters requested are different than current active one (requested -> active):
  custom:framework-win-MediaFoundation: 216162199b28c13a410421893ffa2e32 -> 
  custom:video-decoder-ogg-theora: a1e56fd34408186e4bbccfd4996cb3dc -> 
  custom:container-muxer-webm: aa71ff27fc2769a1b78a27578f13a17b -> 
  custom:container-demuxer-webm: 4f35f7cbe854078d1ac9338744f61a02 -> 
  custom:container-demuxer-ogg: 62fdf1f143b41e24485cea50d1cbac27 -> 
  custom:video-encoder-webm-vp8: eb34c28f22e8b96e1ab97ce403110664 -> 
  custom:video-decoder-webm-vp8: 9c59270c3fd7afecdb556c50c9e8de78 -> 
  custom:audio-decoder-ogg-vorbis: bf7c407c2cedff20999df2af8eb42d56 -> 
  custom:audio-encoder-webm-vorbis: bf7c407c2cedff20999df2af8eb42d56 -> 
========================================================================
Received Prepare
Refreshing native plugins compatible for Editor in 33.01 ms, found 23 plugins.
Preloading 2 native plugins for Editor in 0.13 ms.
Unloading 93 Unused Serialized files (Serialized files now loaded: 0)
System memory in use before: 85.7 MB.
System memory in use after: 85.9 MB.

Unloading 92 unused Assets to reduce memory usage. Loaded Objects now: 5293.
Total: 5.734000 ms (FindLiveObjects: 0.437600 ms CreateObjectMapping: 0.184700 ms MarkObjects: 5.019900 ms  DeleteObjects: 0.090300 ms)

AssetImportParameters requested are different than current active one (requested -> active):
  custom:framework-win-MediaFoundation: 216162199b28c13a410421893ffa2e32 -> 
  custom:video-decoder-ogg-theora: a1e56fd34408186e4bbccfd4996cb3dc -> 
  custom:container-muxer-webm: aa71ff27fc2769a1b78a27578f13a17b -> 
  custom:container-demuxer-webm: 4f35f7cbe854078d1ac9338744f61a02 -> 
  custom:container-demuxer-ogg: 62fdf1f143b41e24485cea50d1cbac27 -> 
  custom:video-encoder-webm-vp8: eb34c28f22e8b96e1ab97ce403110664 -> 
  custom:video-decoder-webm-vp8: 9c59270c3fd7afecdb556c50c9e8de78 -> 
  custom:audio-decoder-ogg-vorbis: bf7c407c2cedff20999df2af8eb42d56 -> 
  custom:audio-encoder-webm-vorbis: bf7c407c2cedff20999df2af8eb42d56 -> 
========================================================================
Received Import Request.
  Time since last request: 1393.528020 seconds.
  path: Assets/ArUCO Markers/Scenes/hmd test.unity
  artifactKey: Guid(0d6a6ae25ae1a1e42a2c476bd742fe9f) Importer(815301076,1909f56bfc062723c751e8b465ee728b)
Start importing Assets/ArUCO Markers/Scenes/hmd test.unity using Guid(0d6a6ae25ae1a1e42a2c476bd742fe9f) Importer(815301076,1909f56bfc062723c751e8b465ee728b)  -> (artifact id: 'b5d709c5ef203a902b3a0003b56a13ea') in 0.009024 seconds 
========================================================================
Received Import Request.
  Time since last request: 1554.435784 seconds.
  path: Assets/1. Main Development/Scenes/Test Scene.unity
  artifactKey: Guid(0674f466c9a06944183d5b46818ec75d) Importer(815301076,1909f56bfc062723c751e8b465ee728b)
Start importing Assets/1. Main Development/Scenes/Test Scene.unity using Guid(0674f466c9a06944183d5b46818ec75d) Importer(815301076,1909f56bfc062723c751e8b465ee728b)  -> (artifact id: '4bdafe7fc05af0be8a903c0fd76a2559') in 0.010411 seconds 
========================================================================
Received Import Request.
  Time since last request: 7.928634 seconds.
  path: Assets/1. Main Development/Scenes/Android Controller.unity
  artifactKey: Guid(64b775b1f114fc94e9084a94246a0794) Importer(815301076,1909f56bfc062723c751e8b465ee728b)
Start importing Assets/1. Main Development/Scenes/Android Controller.unity using Guid(64b775b1f114fc94e9084a94246a0794) Importer(815301076,1909f56bfc062723c751e8b465ee728b)  -> (artifact id: '65fe137d6b2c7df9a32f708c1d5a1371') in 0.009350 seconds 
========================================================================
Received Prepare
Registering precompiled user dll's ...
Registered in 0.026576 seconds.
Begin MonoManager ReloadAssembly
Native extension for WindowsStandalone target not found
Refreshing native plugins compatible for Editor in 2.19 ms, found 23 plugins.
Preloading 2 native plugins for Editor in 0.21 ms.
System.NullReferenceException: Object reference not set to an instance of an object
  at Vuforia.EditorClasses.ExtensionTypeProvider.GetVuforiaPackageAbsPath () [0x0004a] in <fa936954903d455ab607cdebc0675fa6>:0 
  at Vuforia.EditorClasses.ExtensionTypeProvider.IsPackageManager () [0x00000] in <fa936954903d455ab607cdebc0675fa6>:0 
  at Vuforia.EditorClasses.ExtensionTypeProvider.ResolvePluginType () [0x00009] in <fa936954903d455ab607cdebc0675fa6>:0 
  at Vuforia.EditorClasses.ExtensionTypeProvider.GetPluginType () [0x0000c] in <fa936954903d455ab607cdebc0675fa6>:0 
  at Vuforia.EditorClasses.VuforiaUtilities.IsVuforiaEnabledInPlayerSettings () [0x00000] in <fa936954903d455ab607cdebc0675fa6>:0 
  at VuforiaEnabledObserver..cctor () [0x00000] in <fa936954903d455ab607cdebc0675fa6>:0 
UnityEngine.StackTraceUtility:ExtractStackTrace ()
UnityEngine.DebugLogHandler:LogFormat (UnityEngine.LogType,UnityEngine.Object,string,object[])
UnityEngine.Logger:Log (UnityEngine.LogType,object)
UnityEngine.Debug:LogError (object)
UnityEditor.EditorAssemblies:ProcessInitializeOnLoadAttributes (System.Type[])

System.NullReferenceException: Object reference not set to an instance of an object
  at Vuforia.EditorClasses.ExtensionTypeProvider.GetVuforiaPackageAbsPath () [0x0004a] in <fa936954903d455ab607cdebc0675fa6>:0 
  at Vuforia.EditorClasses.ExtensionTypeProvider.IsPackageManager () [0x00000] in <fa936954903d455ab607cdebc0675fa6>:0 
  at Vuforia.EditorClasses.ExtensionTypeProvider.ResolvePluginType () [0x00009] in <fa936954903d455ab607cdebc0675fa6>:0 
  at Vuforia.EditorClasses.ExtensionTypeProvider.GetPluginType () [0x0000c] in <fa936954903d455ab607cdebc0675fa6>:0 
  at Vuforia.EditorClasses.VuforiaUtilities.IsVuforiaEnabledInPlayerSettings () [0x00000] in <fa936954903d455ab607cdebc0675fa6>:0 
  at Vuforia.EditorClasses.InitializeOnLoadVuforiaTaskRunner..cctor () [0x00015] in <fa936954903d455ab607cdebc0675fa6>:0 
UnityEngine.StackTraceUtility:ExtractStackTrace ()
UnityEngine.DebugLogHandler:LogFormat (UnityEngine.LogType,UnityEngine.Object,string,object[])
UnityEngine.Logger:Log (UnityEngine.LogType,object)
UnityEngine.Debug:LogError (object)
UnityEditor.EditorAssemblies:ProcessInitializeOnLoadAttributes (System.Type[])

System.IO.DirectoryNotFoundException: Could not find a part of the path 'C:\Users\salok\Documents\GitHub\Hololens-Development\Hololens\Hololens 2 - Phone Tracker 2020\Library\PackageCache\com.microsoft.mixedreality.toolkit.foundation@251fc689f36f\SDK\StandardAssets\Controllers\Visuals\Models\generic-controller'.
  at System.IO.__Error.WinIOError (System.Int32 errorCode, System.String maybeFullPath) [0x000f7] in <695d1cc93cca45069c528c15c9fdd749>:0 
  at System.IO.FileSystemEnumerableIterator`1[TSource].HandleError (System.Int32 hr, System.String path) [0x00006] in <695d1cc93cca45069c528c15c9fdd749>:0 
  at System.IO.FileSystemEnumerableIterator`1[TSource].CommonInit () [0x00054] in <695d1cc93cca45069c528c15c9fdd749>:0 
  at System.IO.FileSystemEnumerableIterator`1[TSource]..ctor (System.String path, System.String originalUserPath, System.String searchPattern, System.IO.SearchOption searchOption, System.IO.SearchResultHandler`1[TSource] resultHandler, System.Boolean checkHost) [0x000d6] in <695d1cc93cca45069c528c15c9fdd749>:0 
  at System.IO.FileSystemEnumerableFactory.CreateFileNameIterator (System.String path, System.String originalUserPath, System.String searchPattern, System.Boolean includeFiles, System.Boolean includeDirs, System.IO.SearchOption searchOption, System.Boolean checkHost) [0x00009] in <695d1cc93cca45069c528c15c9fdd749>:0 
  at System.IO.Directory.InternalGetFileDirectoryNames (System.String path, System.String userPathOriginal, System.String searchPattern, System.Boolean includeFiles, System.Boolean includeDirs, System.IO.SearchOption searchOption, System.Boolean checkHost) [0x00000] in <695d1cc93cca45069c528c15c9fdd749>:0 
  at System.IO.Directory.InternalGetFiles (System.String path, System.String searchPattern, System.IO.SearchOption searchOption) [0x00000] in <695d1cc93cca45069c528c15c9fdd749>:0 
  at System.IO.Directory.GetFiles (System.String path, System.String searchPattern) [0x0001c] in <695d1cc93cca45069c528c15c9fdd749>:0 
  at System.IO.DirectoryInfo.GetFiles (System.String searchPattern) [0x0000e] in <695d1cc93cca45069c528c15c9fdd749>:0 
  at System.IO.DirectoryInfo.GetFilesSubdirs (System.Collections.ArrayList l, System.String pattern) [0x00002] in <695d1cc93cca45069c528c15c9fdd749>:0 
  at (wrapper remoting-invoke-with-check) System.IO.DirectoryInfo.GetFilesSubdirs(System.Collections.ArrayList,string)
  at System.IO.DirectoryInfo.GetFilesSubdirs (System.Collections.ArrayList l, System.String pattern) [0x0002f] in <695d1cc93cca45069c528c15c9fdd749>:0 
  at (wrapper remoting-invoke-with-check) System.IO.DirectoryInfo.GetFilesSubdirs(System.Collections.ArrayList,string)
  at System.IO.DirectoryInfo.GetFilesSubdirs (System.Collections.ArrayList l, System.String pattern) [0x0002f] in <695d1cc93cca45069c528c15c9fdd749>:0 
  at (wrapper remoting-invoke-with-check) System.IO.DirectoryInfo.GetFilesSubdirs(System.Collections.ArrayList,string)
  at System.IO.DirectoryInfo.GetFilesSubdirs (System.Collections.ArrayList l, System.String pattern) [0x0002f] in <695d1cc93cca45069c528c15c9fdd749>:0 
  at (wrapper remoting-invoke-with-check) System.IO.DirectoryInfo.GetFilesSubdirs(System.Collections.ArrayList,string)
  at System.IO.DirectoryInfo.GetFilesSubdirs (System.Collections.ArrayList l, System.String pattern) [0x0002f] in <695d1cc93cca45069c528c15c9fdd749>:0 
  at (wrapper remoting-invoke-with-check) System.IO.DirectoryInfo.GetFilesSubdirs(System.Collections.ArrayList,string)
  at System.IO.DirectoryInfo.GetFilesSubdirs (System.Collections.ArrayList l, System.String pattern) [0x0002f] in <695d1cc93cca45069c528c15c9fdd749>:0 
  at (wrapper remoting-invoke-with-check) System.IO.DirectoryInfo.GetFilesSubdirs(System.Collections.ArrayList,string)
  at System.IO.DirectoryInfo.GetFilesSubdirs (System.Collections.ArrayList l, System.String pattern) [0x0002f] in <695d1cc93cca45069c528c15c9fdd749>:0 
  at (wrapper remoting-invoke-with-check) System.IO.DirectoryInfo.GetFilesSubdirs(System.Collections.ArrayList,string)
  at System.IO.DirectoryInfo.GetFilesSubdirs (System.Collections.ArrayList l, System.String pattern) [0x0002f] in <695d1cc93cca45069c528c15c9fdd749>:0 
  at System.IO.DirectoryInfo.GetFiles (System.String searchPattern, System.IO.SearchOption searchOption) [0x00017] in <695d1cc93cca45069c528c15c9fdd749>:0 
  at (wrapper remoting-invoke-with-check) System.IO.DirectoryInfo.GetFiles(string,System.IO.SearchOption)
  at Microsoft.MixedReality.Toolkit.Utilities.Editor.OnLoadUtilities.FindShaderFolderInPackage () [0x0004c] in C:\Users\salok\Documents\GitHub\Hololens-Development\Hololens\Hololens 2 - Phone Tracker 2020\Library\PackageCache\com.microsoft.mixedreality.toolkit.standardassets@fcc2d8083af4\EditorUtilities\OnLoadUtilities.cs:152 
  at Microsoft.MixedReality.Toolkit.Utilities.Editor.OnLoadUtilities.EnsureShaders (System.Boolean bypassIgnore) [0x00000] in C:\Users\salok\Documents\GitHub\Hololens-Development\Hololens\Hololens 2 - Phone Tracker 2020\Library\PackageCache\com.microsoft.mixedreality.toolkit.standardassets@fcc2d8083af4\EditorUtilities\OnLoadUtilities.cs:42 
  at Microsoft.MixedReality.Toolkit.Utilities.Editor.OnLoadUtilities..cctor () [0x00000] in C:\Users\salok\Documents\GitHub\Hololens-Development\Hololens\Hololens 2 - Phone Tracker 2020\Library\PackageCache\com.microsoft.mixedreality.toolkit.standardassets@fcc2d8083af4\EditorUtilities\OnLoadUtilities.cs:23 
UnityEngine.StackTraceUtility:ExtractStackTrace ()
UnityEngine.DebugLogHandler:LogFormat (UnityEngine.LogType,UnityEngine.Object,string,object[])
UnityEngine.Logger:Log (UnityEngine.LogType,object)
UnityEngine.Debug:LogError (object)
UnityEditor.EditorAssemblies:ProcessInitializeOnLoadAttributes (System.Type[])

Mono: successfully reloaded assembly
- Completed reload, in  2.000 seconds
Domain Reload Profiling:
	ReloadAssembly (2000ms)
		BeginReloadAssembly (155ms)
			ExecutionOrderSort (0ms)
			DisableScriptedObjects (5ms)
			BackupInstance (0ms)
			ReleaseScriptingObjects (0ms)
			CreateAndSetChildDomain (52ms)
		EndReloadAssembly (1766ms)
			LoadAssemblies (150ms)
			RebuildTransferFunctionScriptingTraits (0ms)
			SetupTypeCache (486ms)
			ReleaseScriptCaches (3ms)
			RebuildScriptCaches (104ms)
			SetupLoadedEditorAssemblies (887ms)
				LogAssemblyErrors (0ms)
				InitializePlatformSupportModulesInManaged (6ms)
				SetLoadedEditorAssemblies (1ms)
				RefreshPlugins (3ms)
				BeforeProcessingInitializeOnLoad (190ms)
				ProcessInitializeOnLoadAttributes (646ms)
				ProcessInitializeOnLoadMethodAttributes (34ms)
				AfterProcessingInitializeOnLoad (7ms)
				EditorAssembliesLoaded (1ms)
			ExecutionOrderSort2 (0ms)
			AwakeInstancesAfterBackupRestoration (3ms)
Platform modules already initialized, skipping
Switching build target platform(19) subTarget(0) extendedPlatform(0) -> platform(21) subTarget(3) extendedPlatform(0)
Refreshing native plugins compatible for Editor in 2.18 ms, found 23 plugins.
Preloading 2 native plugins for Editor in 0.18 ms.
Unloading 4538 Unused Serialized files (Serialized files now loaded: 0)
System memory in use before: 176.4 MB.
System memory in use after: 176.6 MB.

Unloading 96 unused Assets to reduce memory usage. Loaded Objects now: 5297.
Total: 6.426100 ms (FindLiveObjects: 0.530600 ms CreateObjectMapping: 0.272900 ms MarkObjects: 5.509200 ms  DeleteObjects: 0.111400 ms)

AssetImportParameters requested are different than current active one (requested -> active):
  custom:framework-win-MediaFoundation: 216162199b28c13a410421893ffa2e32 -> 
  custom:video-decoder-ogg-theora: a1e56fd34408186e4bbccfd4996cb3dc -> 
  custom:container-muxer-webm: aa71ff27fc2769a1b78a27578f13a17b -> 
  custom:container-demuxer-webm: 4f35f7cbe854078d1ac9338744f61a02 -> 
  custom:container-demuxer-ogg: 62fdf1f143b41e24485cea50d1cbac27 -> 
  custom:video-encoder-webm-vp8: eb34c28f22e8b96e1ab97ce403110664 -> 
  custom:video-decoder-webm-vp8: 9c59270c3fd7afecdb556c50c9e8de78 -> 
  custom:audio-decoder-ogg-vorbis: bf7c407c2cedff20999df2af8eb42d56 -> 
  custom:audio-encoder-webm-vorbis: bf7c407c2cedff20999df2af8eb42d56 -> 
